01-07-2025 19:07:38.498 [main] [-] INFO  uploader-service-c.p.l.u.UploaderServiceApplication.logStarting - Starting UploaderServiceApplication using Java 21 with PID 71 (/app/target/classes started by root in /app)
01-07-2025 19:07:38.501 [main] [-] INFO  uploader-service-c.p.l.u.UploaderServiceApplication.logStartupProfileInfo - No active profile set, falling back to 1 default profile: "default"
01-07-2025 19:07:38.552 [main] [-] INFO  uploader-service-o.s.c.c.c.ConfigServerConfigDataLoader.logTo - Fetching config from server at : http://config-server:8888
01-07-2025 19:07:38.553 [main] [-] INFO  uploader-service-o.s.c.c.c.ConfigServerConfigDataLoader.logTo - Located environment: name=uploader-service, profiles=[default], label=null, version=64e0134b225641ad316e569ccb094289dd26fd02, state=
01-07-2025 19:07:40.449 [main] [-] INFO  uploader-service-o.s.cloud.context.scope.GenericScope.setSerializationId - BeanFactory id=ee030b29-9e37-350e-90cf-aee743661215
01-07-2025 19:07:40.514 [main] [-] WARN  uploader-service-o.s.c.s.PostProcessorRegistrationDelegate$BeanPostProcessorChecker.postProcessAfterInitialization - Bean 'org.springframework.cloud.client.loadbalancer.LoadBalancerAutoConfiguration$DeferringLoadBalancerInterceptorConfig' of type [org.springframework.cloud.client.loadbalancer.LoadBalancerAutoConfiguration$DeferringLoadBalancerInterceptorConfig] is not eligible for getting processed by all BeanPostProcessors (for example: not eligible for auto-proxying). The currently created BeanPostProcessor [lbRestClientPostProcessor] is declared through a non-static factory method on that class; consider declaring it as static instead.
01-07-2025 19:07:40.518 [main] [-] WARN  uploader-service-o.s.c.s.PostProcessorRegistrationDelegate$BeanPostProcessorChecker.postProcessAfterInitialization - Bean 'deferringLoadBalancerInterceptor' of type [org.springframework.cloud.client.loadbalancer.DeferringLoadBalancerInterceptor] is not eligible for getting processed by all BeanPostProcessors (for example: not eligible for auto-proxying). Is this bean getting eagerly injected/applied to a currently created BeanPostProcessor [lbRestClientPostProcessor]? Check the corresponding BeanPostProcessor declaration and its dependencies/advisors. If this bean does not have to be post-processed, declare it with ROLE_INFRASTRUCTURE.
01-07-2025 19:07:40.861 [main] [-] INFO  uploader-service-o.s.b.w.e.tomcat.TomcatWebServer.initialize - Tomcat initialized with port 9050 (http)
01-07-2025 19:07:40.885 [main] [-] INFO  uploader-service-o.a.coyote.http11.Http11NioProtocol.log - Initializing ProtocolHandler ["http-nio-9050"]
01-07-2025 19:07:40.889 [main] [-] INFO  uploader-service-o.a.catalina.core.StandardService.log - Starting service [Tomcat]
01-07-2025 19:07:40.890 [main] [-] INFO  uploader-service-o.a.catalina.core.StandardEngine.log - Starting Servlet engine: [Apache Tomcat/10.1.33]
01-07-2025 19:07:40.979 [main] [-] INFO  uploader-service-o.a.c.c.C.[.[localhost].[/uploads].log - Initializing Spring embedded WebApplicationContext
01-07-2025 19:07:40.980 [main] [-] INFO  uploader-service-o.s.b.w.s.c.ServletWebServerApplicationContext.prepareWebApplicationContext - Root WebApplicationContext: initialization completed in 2423 ms
01-07-2025 19:07:42.824 [main] [-] INFO  uploader-service-o.s.c.n.e.c.DiscoveryClientOptionalArgsConfiguration.restTemplateDiscoveryClientOptionalArgs - Eureka HTTP Client uses RestTemplate.
01-07-2025 19:07:42.874 [main] [-] WARN  uploader-service-o.s.c.l.c.LoadBalancerCacheAutoConfiguration$LoadBalancerCaffeineWarnLogger.afterPropertiesSet - Spring Cloud LoadBalancer is currently working with the default cache. While this cache implementation is useful for development and tests, it's recommended to use Caffeine cache in production.You can switch to using Caffeine cache, by adding it and org.springframework.cache.caffeine.CaffeineCacheManager to the classpath.
01-07-2025 19:07:42.886 [main] [-] INFO  uploader-service-o.s.b.a.e.web.EndpointLinksResolver.<init> - Exposing 25 endpoints beneath base path '/actuator'
01-07-2025 19:07:42.988 [main] [-] INFO  uploader-service-o.s.c.n.eureka.InstanceInfoFactory.create - Setting initial instance status as: STARTING
01-07-2025 19:07:43.027 [main] [-] INFO  uploader-service-c.netflix.discovery.DiscoveryClient.<init> - Initializing Eureka in region us-east-1
01-07-2025 19:07:43.033 [main] [-] INFO  uploader-service-c.n.d.s.r.aws.ConfigClusterResolver.getClusterEndpoints - Resolving eureka endpoints via configuration
01-07-2025 19:07:43.043 [main] [-] INFO  uploader-service-c.netflix.discovery.DiscoveryClient.fetchRegistry - Disable delta property : false
01-07-2025 19:07:43.044 [main] [-] INFO  uploader-service-c.netflix.discovery.DiscoveryClient.fetchRegistry - Single vip registry refresh property : null
01-07-2025 19:07:43.045 [main] [-] INFO  uploader-service-c.netflix.discovery.DiscoveryClient.fetchRegistry - Force full registry fetch : false
01-07-2025 19:07:43.045 [main] [-] INFO  uploader-service-c.netflix.discovery.DiscoveryClient.fetchRegistry - Application is null : false
01-07-2025 19:07:43.046 [main] [-] INFO  uploader-service-c.netflix.discovery.DiscoveryClient.fetchRegistry - Registered Applications size is zero : true
01-07-2025 19:07:43.047 [main] [-] INFO  uploader-service-c.netflix.discovery.DiscoveryClient.fetchRegistry - Application version is -1: true
01-07-2025 19:07:43.047 [main] [-] INFO  uploader-service-c.netflix.discovery.DiscoveryClient.getAndStoreFullRegistry - Getting all instance registry info from the eureka server
01-07-2025 19:07:43.202 [main] [-] INFO  uploader-service-c.netflix.discovery.DiscoveryClient.getAndStoreFullRegistry - The response status is 200
01-07-2025 19:07:43.205 [main] [-] INFO  uploader-service-c.netflix.discovery.DiscoveryClient.initScheduledTasks - Starting heartbeat executor: renew interval is: 30
01-07-2025 19:07:43.207 [main] [-] INFO  uploader-service-c.n.discovery.InstanceInfoReplicator.<init> - InstanceInfoReplicator onDemand update allowed rate per min is 4
01-07-2025 19:07:43.210 [main] [-] INFO  uploader-service-c.netflix.discovery.DiscoveryClient.<init> - Discovery Client initialized at timestamp 1751396863210 with initial instances count: 1
01-07-2025 19:07:43.213 [main] [-] INFO  uploader-service-o.s.c.n.e.s.EurekaServiceRegistry.register - Registering application UPLOADER-SERVICE with eureka with status UP
01-07-2025 19:07:43.214 [main] [-] INFO  uploader-service-c.netflix.discovery.DiscoveryClient.notify - Saw local status change event StatusChangeEvent [timestamp=1751396863214, current=UP, previous=STARTING]
01-07-2025 19:07:43.218 [DiscoveryClient-InstanceInfoReplicator-%d] [-] INFO  uploader-service-c.netflix.discovery.DiscoveryClient.register - DiscoveryClient_UPLOADER-SERVICE/073e8fe75d7e:uploader-service:9050: registering service...
01-07-2025 19:07:43.219 [main] [-] INFO  uploader-service-o.a.coyote.http11.Http11NioProtocol.log - Starting ProtocolHandler ["http-nio-9050"]
01-07-2025 19:07:43.235 [main] [-] INFO  uploader-service-o.s.b.w.e.tomcat.TomcatWebServer.start - Tomcat started on port 9050 (http) with context path '/uploads'
01-07-2025 19:07:43.237 [main] [-] INFO  uploader-service-o.s.c.n.e.s.EurekaAutoServiceRegistration.onApplicationEvent - Updating port to 9050
01-07-2025 19:07:43.253 [main] [-] INFO  uploader-service-c.p.l.u.UploaderServiceApplication.logStarted - Started UploaderServiceApplication in 6.546 seconds (process running for 7.108)
01-07-2025 19:07:43.266 [DiscoveryClient-InstanceInfoReplicator-%d] [-] INFO  uploader-service-c.netflix.discovery.DiscoveryClient.register - DiscoveryClient_UPLOADER-SERVICE/073e8fe75d7e:uploader-service:9050 - registration status: 204
01-07-2025 19:12:43.035 [AsyncResolver-bootstrap-executor-%d] [-] INFO  uploader-service-c.n.d.s.r.aws.ConfigClusterResolver.getClusterEndpoints - Resolving eureka endpoints via configuration
01-07-2025 19:17:27.982 [SpringApplicationShutdownHook] [-] INFO  uploader-service-o.s.c.n.e.s.EurekaServiceRegistry.deregister - Unregistering application UPLOADER-SERVICE with eureka with status DOWN
01-07-2025 19:17:27.983 [SpringApplicationShutdownHook] [-] INFO  uploader-service-c.netflix.discovery.DiscoveryClient.notify - Saw local status change event StatusChangeEvent [timestamp=1751397447983, current=DOWN, previous=UP]
01-07-2025 19:17:27.984 [DiscoveryClient-InstanceInfoReplicator-%d] [-] INFO  uploader-service-c.netflix.discovery.DiscoveryClient.register - DiscoveryClient_UPLOADER-SERVICE/073e8fe75d7e:uploader-service:9050: registering service...
01-07-2025 19:17:27.995 [DiscoveryClient-InstanceInfoReplicator-%d] [-] INFO  uploader-service-c.netflix.discovery.DiscoveryClient.register - DiscoveryClient_UPLOADER-SERVICE/073e8fe75d7e:uploader-service:9050 - registration status: 204
01-07-2025 19:17:28.459 [SpringApplicationShutdownHook] [-] INFO  uploader-service-c.netflix.discovery.DiscoveryClient.shutdown - Shutting down DiscoveryClient ...
01-07-2025 19:17:31.461 [SpringApplicationShutdownHook] [-] INFO  uploader-service-c.netflix.discovery.DiscoveryClient.unregister - Unregistering ...
01-07-2025 19:17:31.467 [SpringApplicationShutdownHook] [-] INFO  uploader-service-c.netflix.discovery.DiscoveryClient.unregister - DiscoveryClient_UPLOADER-SERVICE/073e8fe75d7e:uploader-service:9050 - deregister  status: 200
01-07-2025 19:17:31.468 [SpringApplicationShutdownHook] [-] INFO  uploader-service-c.netflix.discovery.DiscoveryClient.shutdown - Completed shut down of DiscoveryClient
01-07-2025 19:18:56.928 [main] [-] INFO  uploader-service-c.p.l.u.UploaderServiceApplication.logStarting - Starting UploaderServiceApplication using Java 21 with PID 73 (/app/target/classes started by root in /app)
01-07-2025 19:18:56.934 [main] [-] INFO  uploader-service-c.p.l.u.UploaderServiceApplication.logStartupProfileInfo - No active profile set, falling back to 1 default profile: "default"
01-07-2025 19:18:57.006 [main] [-] INFO  uploader-service-o.s.c.c.c.ConfigServerConfigDataLoader.logTo - Fetching config from server at : http://config-server:8888
01-07-2025 19:18:57.007 [main] [-] INFO  uploader-service-o.s.c.c.c.ConfigServerConfigDataLoader.logTo - Located environment: name=uploader-service, profiles=[default], label=null, version=64e0134b225641ad316e569ccb094289dd26fd02, state=
01-07-2025 19:18:59.474 [main] [-] INFO  uploader-service-o.s.cloud.context.scope.GenericScope.setSerializationId - BeanFactory id=ee030b29-9e37-350e-90cf-aee743661215
01-07-2025 19:18:59.558 [main] [-] WARN  uploader-service-o.s.c.s.PostProcessorRegistrationDelegate$BeanPostProcessorChecker.postProcessAfterInitialization - Bean 'org.springframework.cloud.client.loadbalancer.LoadBalancerAutoConfiguration$DeferringLoadBalancerInterceptorConfig' of type [org.springframework.cloud.client.loadbalancer.LoadBalancerAutoConfiguration$DeferringLoadBalancerInterceptorConfig] is not eligible for getting processed by all BeanPostProcessors (for example: not eligible for auto-proxying). The currently created BeanPostProcessor [lbRestClientPostProcessor] is declared through a non-static factory method on that class; consider declaring it as static instead.
01-07-2025 19:18:59.564 [main] [-] WARN  uploader-service-o.s.c.s.PostProcessorRegistrationDelegate$BeanPostProcessorChecker.postProcessAfterInitialization - Bean 'deferringLoadBalancerInterceptor' of type [org.springframework.cloud.client.loadbalancer.DeferringLoadBalancerInterceptor] is not eligible for getting processed by all BeanPostProcessors (for example: not eligible for auto-proxying). Is this bean getting eagerly injected/applied to a currently created BeanPostProcessor [lbRestClientPostProcessor]? Check the corresponding BeanPostProcessor declaration and its dependencies/advisors. If this bean does not have to be post-processed, declare it with ROLE_INFRASTRUCTURE.
01-07-2025 19:18:59.875 [main] [-] INFO  uploader-service-o.s.b.w.e.tomcat.TomcatWebServer.initialize - Tomcat initialized with port 9050 (http)
01-07-2025 19:18:59.893 [main] [-] INFO  uploader-service-o.a.coyote.http11.Http11NioProtocol.log - Initializing ProtocolHandler ["http-nio-9050"]
01-07-2025 19:18:59.897 [main] [-] INFO  uploader-service-o.a.catalina.core.StandardService.log - Starting service [Tomcat]
01-07-2025 19:18:59.898 [main] [-] INFO  uploader-service-o.a.catalina.core.StandardEngine.log - Starting Servlet engine: [Apache Tomcat/10.1.33]
01-07-2025 19:18:59.993 [main] [-] INFO  uploader-service-o.a.c.c.C.[.[localhost].[/uploads].log - Initializing Spring embedded WebApplicationContext
01-07-2025 19:18:59.994 [main] [-] INFO  uploader-service-o.s.b.w.s.c.ServletWebServerApplicationContext.prepareWebApplicationContext - Root WebApplicationContext: initialization completed in 2983 ms
01-07-2025 19:19:02.056 [main] [-] INFO  uploader-service-o.s.c.n.e.c.DiscoveryClientOptionalArgsConfiguration.restTemplateDiscoveryClientOptionalArgs - Eureka HTTP Client uses RestTemplate.
01-07-2025 19:19:02.101 [main] [-] WARN  uploader-service-o.s.c.l.c.LoadBalancerCacheAutoConfiguration$LoadBalancerCaffeineWarnLogger.afterPropertiesSet - Spring Cloud LoadBalancer is currently working with the default cache. While this cache implementation is useful for development and tests, it's recommended to use Caffeine cache in production.You can switch to using Caffeine cache, by adding it and org.springframework.cache.caffeine.CaffeineCacheManager to the classpath.
01-07-2025 19:19:02.113 [main] [-] INFO  uploader-service-o.s.b.a.e.web.EndpointLinksResolver.<init> - Exposing 25 endpoints beneath base path '/actuator'
01-07-2025 19:19:02.200 [main] [-] INFO  uploader-service-o.s.c.n.eureka.InstanceInfoFactory.create - Setting initial instance status as: STARTING
01-07-2025 19:19:02.225 [main] [-] INFO  uploader-service-c.netflix.discovery.DiscoveryClient.<init> - Initializing Eureka in region us-east-1
01-07-2025 19:19:02.231 [main] [-] INFO  uploader-service-c.n.d.s.r.aws.ConfigClusterResolver.getClusterEndpoints - Resolving eureka endpoints via configuration
01-07-2025 19:19:02.252 [main] [-] INFO  uploader-service-c.netflix.discovery.DiscoveryClient.fetchRegistry - Disable delta property : false
01-07-2025 19:19:02.253 [main] [-] INFO  uploader-service-c.netflix.discovery.DiscoveryClient.fetchRegistry - Single vip registry refresh property : null
01-07-2025 19:19:02.256 [main] [-] INFO  uploader-service-c.netflix.discovery.DiscoveryClient.fetchRegistry - Force full registry fetch : false
01-07-2025 19:19:02.263 [main] [-] INFO  uploader-service-c.netflix.discovery.DiscoveryClient.fetchRegistry - Application is null : false
01-07-2025 19:19:02.264 [main] [-] INFO  uploader-service-c.netflix.discovery.DiscoveryClient.fetchRegistry - Registered Applications size is zero : true
01-07-2025 19:19:02.266 [main] [-] INFO  uploader-service-c.netflix.discovery.DiscoveryClient.fetchRegistry - Application version is -1: true
01-07-2025 19:19:02.267 [main] [-] INFO  uploader-service-c.netflix.discovery.DiscoveryClient.getAndStoreFullRegistry - Getting all instance registry info from the eureka server
01-07-2025 19:19:02.496 [main] [-] INFO  uploader-service-c.netflix.discovery.DiscoveryClient.getAndStoreFullRegistry - The response status is 200
01-07-2025 19:19:02.504 [main] [-] INFO  uploader-service-c.netflix.discovery.DiscoveryClient.initScheduledTasks - Starting heartbeat executor: renew interval is: 30
01-07-2025 19:19:02.508 [main] [-] INFO  uploader-service-c.n.discovery.InstanceInfoReplicator.<init> - InstanceInfoReplicator onDemand update allowed rate per min is 4
01-07-2025 19:19:02.512 [main] [-] INFO  uploader-service-c.netflix.discovery.DiscoveryClient.<init> - Discovery Client initialized at timestamp 1751397542511 with initial instances count: 1
01-07-2025 19:19:02.518 [main] [-] INFO  uploader-service-o.s.c.n.e.s.EurekaServiceRegistry.register - Registering application UPLOADER-SERVICE with eureka with status UP
01-07-2025 19:19:02.521 [main] [-] INFO  uploader-service-c.netflix.discovery.DiscoveryClient.notify - Saw local status change event StatusChangeEvent [timestamp=1751397542520, current=UP, previous=STARTING]
01-07-2025 19:19:02.524 [main] [-] INFO  uploader-service-o.a.coyote.http11.Http11NioProtocol.log - Starting ProtocolHandler ["http-nio-9050"]
01-07-2025 19:19:02.524 [DiscoveryClient-InstanceInfoReplicator-%d] [-] INFO  uploader-service-c.netflix.discovery.DiscoveryClient.register - DiscoveryClient_UPLOADER-SERVICE/073e8fe75d7e:uploader-service:9050: registering service...
01-07-2025 19:19:02.558 [main] [-] INFO  uploader-service-o.s.b.w.e.tomcat.TomcatWebServer.start - Tomcat started on port 9050 (http) with context path '/uploads'
01-07-2025 19:19:02.560 [main] [-] INFO  uploader-service-o.s.c.n.e.s.EurekaAutoServiceRegistration.onApplicationEvent - Updating port to 9050
01-07-2025 19:19:02.594 [main] [-] INFO  uploader-service-c.p.l.u.UploaderServiceApplication.logStarted - Started UploaderServiceApplication in 10.205 seconds (process running for 10.882)
01-07-2025 19:19:02.620 [DiscoveryClient-InstanceInfoReplicator-%d] [-] INFO  uploader-service-c.netflix.discovery.DiscoveryClient.register - DiscoveryClient_UPLOADER-SERVICE/073e8fe75d7e:uploader-service:9050 - registration status: 204
01-07-2025 19:24:02.255 [AsyncResolver-bootstrap-executor-%d] [-] INFO  uploader-service-c.n.d.s.r.aws.ConfigClusterResolver.getClusterEndpoints - Resolving eureka endpoints via configuration
01-07-2025 19:29:02.242 [AsyncResolver-bootstrap-executor-%d] [-] INFO  uploader-service-c.n.d.s.r.aws.ConfigClusterResolver.getClusterEndpoints - Resolving eureka endpoints via configuration
01-07-2025 19:34:02.229 [AsyncResolver-bootstrap-executor-%d] [-] INFO  uploader-service-c.n.d.s.r.aws.ConfigClusterResolver.getClusterEndpoints - Resolving eureka endpoints via configuration
01-07-2025 19:39:02.217 [AsyncResolver-bootstrap-executor-%d] [-] INFO  uploader-service-c.n.d.s.r.aws.ConfigClusterResolver.getClusterEndpoints - Resolving eureka endpoints via configuration
01-07-2025 19:44:02.204 [AsyncResolver-bootstrap-executor-%d] [-] INFO  uploader-service-c.n.d.s.r.aws.ConfigClusterResolver.getClusterEndpoints - Resolving eureka endpoints via configuration
01-07-2025 20:09:07.082 [AsyncResolver-bootstrap-executor-%d] [-] INFO  uploader-service-c.n.d.s.r.aws.ConfigClusterResolver.getClusterEndpoints - Resolving eureka endpoints via configuration
01-07-2025 20:14:07.066 [AsyncResolver-bootstrap-executor-%d] [-] INFO  uploader-service-c.n.d.s.r.aws.ConfigClusterResolver.getClusterEndpoints - Resolving eureka endpoints via configuration
01-07-2025 20:19:07.052 [AsyncResolver-bootstrap-executor-%d] [-] INFO  uploader-service-c.n.d.s.r.aws.ConfigClusterResolver.getClusterEndpoints - Resolving eureka endpoints via configuration
01-07-2025 20:24:07.038 [AsyncResolver-bootstrap-executor-%d] [-] INFO  uploader-service-c.n.d.s.r.aws.ConfigClusterResolver.getClusterEndpoints - Resolving eureka endpoints via configuration
01-07-2025 20:29:07.026 [AsyncResolver-bootstrap-executor-%d] [-] INFO  uploader-service-c.n.d.s.r.aws.ConfigClusterResolver.getClusterEndpoints - Resolving eureka endpoints via configuration
01-07-2025 20:34:07.012 [AsyncResolver-bootstrap-executor-%d] [-] INFO  uploader-service-c.n.d.s.r.aws.ConfigClusterResolver.getClusterEndpoints - Resolving eureka endpoints via configuration
01-07-2025 20:39:07.000 [AsyncResolver-bootstrap-executor-%d] [-] INFO  uploader-service-c.n.d.s.r.aws.ConfigClusterResolver.getClusterEndpoints - Resolving eureka endpoints via configuration
01-07-2025 20:44:06.987 [AsyncResolver-bootstrap-executor-%d] [-] INFO  uploader-service-c.n.d.s.r.aws.ConfigClusterResolver.getClusterEndpoints - Resolving eureka endpoints via configuration
01-07-2025 20:49:06.974 [AsyncResolver-bootstrap-executor-%d] [-] INFO  uploader-service-c.n.d.s.r.aws.ConfigClusterResolver.getClusterEndpoints - Resolving eureka endpoints via configuration
01-07-2025 20:54:06.961 [AsyncResolver-bootstrap-executor-%d] [-] INFO  uploader-service-c.n.d.s.r.aws.ConfigClusterResolver.getClusterEndpoints - Resolving eureka endpoints via configuration
01-07-2025 20:59:06.948 [AsyncResolver-bootstrap-executor-%d] [-] INFO  uploader-service-c.n.d.s.r.aws.ConfigClusterResolver.getClusterEndpoints - Resolving eureka endpoints via configuration
01-07-2025 21:04:06.935 [AsyncResolver-bootstrap-executor-%d] [-] INFO  uploader-service-c.n.d.s.r.aws.ConfigClusterResolver.getClusterEndpoints - Resolving eureka endpoints via configuration
01-07-2025 21:09:06.923 [AsyncResolver-bootstrap-executor-%d] [-] INFO  uploader-service-c.n.d.s.r.aws.ConfigClusterResolver.getClusterEndpoints - Resolving eureka endpoints via configuration
01-07-2025 21:14:06.910 [AsyncResolver-bootstrap-executor-%d] [-] INFO  uploader-service-c.n.d.s.r.aws.ConfigClusterResolver.getClusterEndpoints - Resolving eureka endpoints via configuration
01-07-2025 21:19:06.897 [AsyncResolver-bootstrap-executor-%d] [-] INFO  uploader-service-c.n.d.s.r.aws.ConfigClusterResolver.getClusterEndpoints - Resolving eureka endpoints via configuration
01-07-2025 21:24:06.885 [AsyncResolver-bootstrap-executor-%d] [-] INFO  uploader-service-c.n.d.s.r.aws.ConfigClusterResolver.getClusterEndpoints - Resolving eureka endpoints via configuration
01-07-2025 21:29:06.872 [AsyncResolver-bootstrap-executor-%d] [-] INFO  uploader-service-c.n.d.s.r.aws.ConfigClusterResolver.getClusterEndpoints - Resolving eureka endpoints via configuration
01-07-2025 21:34:06.860 [AsyncResolver-bootstrap-executor-%d] [-] INFO  uploader-service-c.n.d.s.r.aws.ConfigClusterResolver.getClusterEndpoints - Resolving eureka endpoints via configuration
01-07-2025 21:39:06.843 [AsyncResolver-bootstrap-executor-%d] [-] INFO  uploader-service-c.n.d.s.r.aws.ConfigClusterResolver.getClusterEndpoints - Resolving eureka endpoints via configuration
01-07-2025 21:44:06.826 [AsyncResolver-bootstrap-executor-%d] [-] INFO  uploader-service-c.n.d.s.r.aws.ConfigClusterResolver.getClusterEndpoints - Resolving eureka endpoints via configuration
01-07-2025 21:49:06.809 [AsyncResolver-bootstrap-executor-%d] [-] INFO  uploader-service-c.n.d.s.r.aws.ConfigClusterResolver.getClusterEndpoints - Resolving eureka endpoints via configuration
01-07-2025 21:54:06.793 [AsyncResolver-bootstrap-executor-%d] [-] INFO  uploader-service-c.n.d.s.r.aws.ConfigClusterResolver.getClusterEndpoints - Resolving eureka endpoints via configuration
01-07-2025 21:59:06.776 [AsyncResolver-bootstrap-executor-%d] [-] INFO  uploader-service-c.n.d.s.r.aws.ConfigClusterResolver.getClusterEndpoints - Resolving eureka endpoints via configuration
