11-07-2025 17:02:51.097 [main] [-] INFO  uploader-service-c.p.l.u.UploaderServiceApplication.logStarting - Starting UploaderServiceApplication using Java 21 with PID 80 (/app/target/classes started by root in /app)
11-07-2025 17:02:51.100 [main] [-] INFO  uploader-service-c.p.l.u.UploaderServiceApplication.logStartupProfileInfo - No active profile set, falling back to 1 default profile: "default"
11-07-2025 17:02:51.153 [main] [-] INFO  uploader-service-o.s.c.c.c.ConfigServerConfigDataLoader.logTo - Fetching config from server at : http://config-server:8888
11-07-2025 17:02:51.154 [main] [-] INFO  uploader-service-o.s.c.c.c.ConfigServerConfigDataLoader.logTo - Located environment: name=uploader-service, profiles=[default], label=null, version=64e0134b225641ad316e569ccb094289dd26fd02, state=
11-07-2025 17:02:53.339 [main] [-] INFO  uploader-service-o.s.cloud.context.scope.GenericScope.setSerializationId - BeanFactory id=ee030b29-9e37-350e-90cf-aee743661215
11-07-2025 17:02:53.421 [main] [-] WARN  uploader-service-o.s.c.s.PostProcessorRegistrationDelegate$BeanPostProcessorChecker.postProcessAfterInitialization - Bean 'org.springframework.cloud.client.loadbalancer.LoadBalancerAutoConfiguration$DeferringLoadBalancerInterceptorConfig' of type [org.springframework.cloud.client.loadbalancer.LoadBalancerAutoConfiguration$DeferringLoadBalancerInterceptorConfig] is not eligible for getting processed by all BeanPostProcessors (for example: not eligible for auto-proxying). The currently created BeanPostProcessor [lbRestClientPostProcessor] is declared through a non-static factory method on that class; consider declaring it as static instead.
11-07-2025 17:02:53.427 [main] [-] WARN  uploader-service-o.s.c.s.PostProcessorRegistrationDelegate$BeanPostProcessorChecker.postProcessAfterInitialization - Bean 'deferringLoadBalancerInterceptor' of type [org.springframework.cloud.client.loadbalancer.DeferringLoadBalancerInterceptor] is not eligible for getting processed by all BeanPostProcessors (for example: not eligible for auto-proxying). Is this bean getting eagerly injected/applied to a currently created BeanPostProcessor [lbRestClientPostProcessor]? Check the corresponding BeanPostProcessor declaration and its dependencies/advisors. If this bean does not have to be post-processed, declare it with ROLE_INFRASTRUCTURE.
11-07-2025 17:02:53.719 [main] [-] INFO  uploader-service-o.s.b.w.e.tomcat.TomcatWebServer.initialize - Tomcat initialized with port 9050 (http)
11-07-2025 17:02:53.734 [main] [-] INFO  uploader-service-o.a.coyote.http11.Http11NioProtocol.log - Initializing ProtocolHandler ["http-nio-9050"]
11-07-2025 17:02:53.739 [main] [-] INFO  uploader-service-o.a.catalina.core.StandardService.log - Starting service [Tomcat]
11-07-2025 17:02:53.740 [main] [-] INFO  uploader-service-o.a.catalina.core.StandardEngine.log - Starting Servlet engine: [Apache Tomcat/10.1.33]
11-07-2025 17:02:53.826 [main] [-] INFO  uploader-service-o.a.c.c.C.[.[localhost].[/uploads].log - Initializing Spring embedded WebApplicationContext
11-07-2025 17:02:53.827 [main] [-] INFO  uploader-service-o.s.b.w.s.c.ServletWebServerApplicationContext.prepareWebApplicationContext - Root WebApplicationContext: initialization completed in 2670 ms
11-07-2025 17:02:56.241 [main] [-] INFO  uploader-service-o.s.c.n.e.c.DiscoveryClientOptionalArgsConfiguration.restTemplateDiscoveryClientOptionalArgs - Eureka HTTP Client uses RestTemplate.
11-07-2025 17:02:56.294 [main] [-] WARN  uploader-service-o.s.c.l.c.LoadBalancerCacheAutoConfiguration$LoadBalancerCaffeineWarnLogger.afterPropertiesSet - Spring Cloud LoadBalancer is currently working with the default cache. While this cache implementation is useful for development and tests, it's recommended to use Caffeine cache in production.You can switch to using Caffeine cache, by adding it and org.springframework.cache.caffeine.CaffeineCacheManager to the classpath.
11-07-2025 17:02:56.305 [main] [-] INFO  uploader-service-o.s.b.a.e.web.EndpointLinksResolver.<init> - Exposing 25 endpoints beneath base path '/actuator'
11-07-2025 17:02:56.412 [main] [-] INFO  uploader-service-o.s.c.n.eureka.InstanceInfoFactory.create - Setting initial instance status as: STARTING
11-07-2025 17:02:56.462 [main] [-] INFO  uploader-service-c.netflix.discovery.DiscoveryClient.<init> - Initializing Eureka in region us-east-1
11-07-2025 17:02:56.476 [main] [-] INFO  uploader-service-c.n.d.s.r.aws.ConfigClusterResolver.getClusterEndpoints - Resolving eureka endpoints via configuration
11-07-2025 17:02:56.489 [main] [-] INFO  uploader-service-c.netflix.discovery.DiscoveryClient.fetchRegistry - Disable delta property : false
11-07-2025 17:02:56.490 [main] [-] INFO  uploader-service-c.netflix.discovery.DiscoveryClient.fetchRegistry - Single vip registry refresh property : null
11-07-2025 17:02:56.491 [main] [-] INFO  uploader-service-c.netflix.discovery.DiscoveryClient.fetchRegistry - Force full registry fetch : false
11-07-2025 17:02:56.492 [main] [-] INFO  uploader-service-c.netflix.discovery.DiscoveryClient.fetchRegistry - Application is null : false
11-07-2025 17:02:56.493 [main] [-] INFO  uploader-service-c.netflix.discovery.DiscoveryClient.fetchRegistry - Registered Applications size is zero : true
11-07-2025 17:02:56.493 [main] [-] INFO  uploader-service-c.netflix.discovery.DiscoveryClient.fetchRegistry - Application version is -1: true
11-07-2025 17:02:56.494 [main] [-] INFO  uploader-service-c.netflix.discovery.DiscoveryClient.getAndStoreFullRegistry - Getting all instance registry info from the eureka server
11-07-2025 17:02:56.747 [main] [-] INFO  uploader-service-c.netflix.discovery.DiscoveryClient.getAndStoreFullRegistry - The response status is 200
11-07-2025 17:02:56.750 [main] [-] INFO  uploader-service-c.netflix.discovery.DiscoveryClient.initScheduledTasks - Starting heartbeat executor: renew interval is: 30
11-07-2025 17:02:56.753 [main] [-] INFO  uploader-service-c.n.discovery.InstanceInfoReplicator.<init> - InstanceInfoReplicator onDemand update allowed rate per min is 4
11-07-2025 17:02:56.756 [main] [-] INFO  uploader-service-c.netflix.discovery.DiscoveryClient.<init> - Discovery Client initialized at timestamp 1752253376756 with initial instances count: 0
11-07-2025 17:02:56.763 [main] [-] INFO  uploader-service-o.s.c.n.e.s.EurekaServiceRegistry.register - Registering application UPLOADER-SERVICE with eureka with status UP
11-07-2025 17:02:56.770 [main] [-] INFO  uploader-service-c.netflix.discovery.DiscoveryClient.notify - Saw local status change event StatusChangeEvent [timestamp=1752253376770, current=UP, previous=STARTING]
11-07-2025 17:02:56.772 [DiscoveryClient-InstanceInfoReplicator-%d] [-] INFO  uploader-service-c.netflix.discovery.DiscoveryClient.register - DiscoveryClient_UPLOADER-SERVICE/073e8fe75d7e:uploader-service:9050: registering service...
11-07-2025 17:02:56.773 [main] [-] INFO  uploader-service-o.a.coyote.http11.Http11NioProtocol.log - Starting ProtocolHandler ["http-nio-9050"]
11-07-2025 17:02:56.798 [main] [-] INFO  uploader-service-o.s.b.w.e.tomcat.TomcatWebServer.start - Tomcat started on port 9050 (http) with context path '/uploads'
11-07-2025 17:02:56.800 [main] [-] INFO  uploader-service-o.s.c.n.e.s.EurekaAutoServiceRegistration.onApplicationEvent - Updating port to 9050
11-07-2025 17:02:56.818 [main] [-] INFO  uploader-service-c.p.l.u.UploaderServiceApplication.logStarted - Started UploaderServiceApplication in 9.644 seconds (process running for 10.167)
11-07-2025 17:02:56.834 [DiscoveryClient-InstanceInfoReplicator-%d] [-] INFO  uploader-service-c.netflix.discovery.DiscoveryClient.register - DiscoveryClient_UPLOADER-SERVICE/073e8fe75d7e:uploader-service:9050 - registration status: 204
11-07-2025 17:03:26.750 [DiscoveryClient-CacheRefreshExecutor-%d] [-] INFO  uploader-service-c.netflix.discovery.DiscoveryClient.fetchRegistry - Disable delta property : false
11-07-2025 17:03:26.751 [DiscoveryClient-CacheRefreshExecutor-%d] [-] INFO  uploader-service-c.netflix.discovery.DiscoveryClient.fetchRegistry - Single vip registry refresh property : null
11-07-2025 17:03:26.751 [DiscoveryClient-CacheRefreshExecutor-%d] [-] INFO  uploader-service-c.netflix.discovery.DiscoveryClient.fetchRegistry - Force full registry fetch : false
11-07-2025 17:03:26.752 [DiscoveryClient-CacheRefreshExecutor-%d] [-] INFO  uploader-service-c.netflix.discovery.DiscoveryClient.fetchRegistry - Application is null : false
11-07-2025 17:03:26.752 [DiscoveryClient-CacheRefreshExecutor-%d] [-] INFO  uploader-service-c.netflix.discovery.DiscoveryClient.fetchRegistry - Registered Applications size is zero : true
11-07-2025 17:03:26.752 [DiscoveryClient-CacheRefreshExecutor-%d] [-] INFO  uploader-service-c.netflix.discovery.DiscoveryClient.fetchRegistry - Application version is -1: false
11-07-2025 17:03:26.753 [DiscoveryClient-CacheRefreshExecutor-%d] [-] INFO  uploader-service-c.netflix.discovery.DiscoveryClient.getAndStoreFullRegistry - Getting all instance registry info from the eureka server
11-07-2025 17:03:26.775 [DiscoveryClient-CacheRefreshExecutor-%d] [-] INFO  uploader-service-c.netflix.discovery.DiscoveryClient.getAndStoreFullRegistry - The response status is 200
11-07-2025 17:07:56.482 [AsyncResolver-bootstrap-executor-%d] [-] INFO  uploader-service-c.n.d.s.r.aws.ConfigClusterResolver.getClusterEndpoints - Resolving eureka endpoints via configuration
11-07-2025 19:16:07.188 [AsyncResolver-bootstrap-executor-%d] [-] INFO  uploader-service-c.n.d.s.r.aws.ConfigClusterResolver.getClusterEndpoints - Resolving eureka endpoints via configuration
11-07-2025 19:21:07.174 [AsyncResolver-bootstrap-executor-%d] [-] INFO  uploader-service-c.n.d.s.r.aws.ConfigClusterResolver.getClusterEndpoints - Resolving eureka endpoints via configuration
11-07-2025 19:26:07.158 [AsyncResolver-bootstrap-executor-%d] [-] INFO  uploader-service-c.n.d.s.r.aws.ConfigClusterResolver.getClusterEndpoints - Resolving eureka endpoints via configuration
11-07-2025 19:31:07.143 [AsyncResolver-bootstrap-executor-%d] [-] INFO  uploader-service-c.n.d.s.r.aws.ConfigClusterResolver.getClusterEndpoints - Resolving eureka endpoints via configuration
11-07-2025 19:35:22.789 [SpringApplicationShutdownHook] [-] INFO  uploader-service-o.s.c.n.e.s.EurekaServiceRegistry.deregister - Unregistering application UPLOADER-SERVICE with eureka with status DOWN
11-07-2025 19:35:22.793 [SpringApplicationShutdownHook] [-] INFO  uploader-service-c.netflix.discovery.DiscoveryClient.notify - Saw local status change event StatusChangeEvent [timestamp=1752262522793, current=DOWN, previous=UP]
11-07-2025 19:35:22.794 [DiscoveryClient-InstanceInfoReplicator-%d] [-] INFO  uploader-service-c.netflix.discovery.DiscoveryClient.register - DiscoveryClient_UPLOADER-SERVICE/073e8fe75d7e:uploader-service:9050: registering service...
11-07-2025 19:35:22.812 [DiscoveryClient-InstanceInfoReplicator-%d] [-] INFO  uploader-service-c.netflix.discovery.DiscoveryClient.register - DiscoveryClient_UPLOADER-SERVICE/073e8fe75d7e:uploader-service:9050 - registration status: 204
11-07-2025 19:35:23.430 [SpringApplicationShutdownHook] [-] INFO  uploader-service-c.netflix.discovery.DiscoveryClient.shutdown - Shutting down DiscoveryClient ...
11-07-2025 19:35:26.432 [SpringApplicationShutdownHook] [-] INFO  uploader-service-c.netflix.discovery.DiscoveryClient.unregister - Unregistering ...
11-07-2025 19:35:26.440 [SpringApplicationShutdownHook] [-] INFO  uploader-service-c.netflix.discovery.DiscoveryClient.unregister - DiscoveryClient_UPLOADER-SERVICE/073e8fe75d7e:uploader-service:9050 - deregister  status: 200
11-07-2025 19:35:26.441 [SpringApplicationShutdownHook] [-] INFO  uploader-service-c.netflix.discovery.DiscoveryClient.shutdown - Completed shut down of DiscoveryClient
