14-07-2025 12:18:56.820 [AsyncResolver-bootstrap-executor-%d] [-] INFO  uploader-service-c.n.d.s.r.aws.ConfigClusterResolver.getClusterEndpoints - Resolving eureka endpoints via configuration
14-07-2025 12:23:56.821 [AsyncResolver-bootstrap-executor-%d] [-] INFO  uploader-service-c.n.d.s.r.aws.ConfigClusterResolver.getClusterEndpoints - Resolving eureka endpoints via configuration
14-07-2025 12:28:56.805 [AsyncResolver-bootstrap-executor-%d] [-] INFO  uploader-service-c.n.d.s.r.aws.ConfigClusterResolver.getClusterEndpoints - Resolving eureka endpoints via configuration
14-07-2025 12:33:56.817 [AsyncResolver-bootstrap-executor-%d] [-] INFO  uploader-service-c.n.d.s.r.aws.ConfigClusterResolver.getClusterEndpoints - Resolving eureka endpoints via configuration
14-07-2025 12:47:44.734 [AsyncResolver-bootstrap-executor-%d] [-] INFO  uploader-service-c.n.d.s.r.aws.ConfigClusterResolver.getClusterEndpoints - Resolving eureka endpoints via configuration
14-07-2025 12:52:44.718 [AsyncResolver-bootstrap-executor-%d] [-] INFO  uploader-service-c.n.d.s.r.aws.ConfigClusterResolver.getClusterEndpoints - Resolving eureka endpoints via configuration
14-07-2025 12:57:44.704 [AsyncResolver-bootstrap-executor-%d] [-] INFO  uploader-service-c.n.d.s.r.aws.ConfigClusterResolver.getClusterEndpoints - Resolving eureka endpoints via configuration
14-07-2025 13:41:18.555 [AsyncResolver-bootstrap-executor-%d] [-] INFO  uploader-service-c.n.d.s.r.aws.ConfigClusterResolver.getClusterEndpoints - Resolving eureka endpoints via configuration
14-07-2025 15:06:04.254 [AsyncResolver-bootstrap-executor-%d] [-] INFO  uploader-service-c.n.d.s.r.aws.ConfigClusterResolver.getClusterEndpoints - Resolving eureka endpoints via configuration
14-07-2025 15:11:04.225 [AsyncResolver-bootstrap-executor-%d] [-] INFO  uploader-service-c.n.d.s.r.aws.ConfigClusterResolver.getClusterEndpoints - Resolving eureka endpoints via configuration
14-07-2025 15:16:04.211 [AsyncResolver-bootstrap-executor-%d] [-] INFO  uploader-service-c.n.d.s.r.aws.ConfigClusterResolver.getClusterEndpoints - Resolving eureka endpoints via configuration
14-07-2025 15:21:04.197 [AsyncResolver-bootstrap-executor-%d] [-] INFO  uploader-service-c.n.d.s.r.aws.ConfigClusterResolver.getClusterEndpoints - Resolving eureka endpoints via configuration
14-07-2025 15:26:04.184 [AsyncResolver-bootstrap-executor-%d] [-] INFO  uploader-service-c.n.d.s.r.aws.ConfigClusterResolver.getClusterEndpoints - Resolving eureka endpoints via configuration
14-07-2025 15:31:04.169 [AsyncResolver-bootstrap-executor-%d] [-] INFO  uploader-service-c.n.d.s.r.aws.ConfigClusterResolver.getClusterEndpoints - Resolving eureka endpoints via configuration
14-07-2025 15:36:04.155 [AsyncResolver-bootstrap-executor-%d] [-] INFO  uploader-service-c.n.d.s.r.aws.ConfigClusterResolver.getClusterEndpoints - Resolving eureka endpoints via configuration
14-07-2025 16:15:44.605 [main] [-] INFO  uploader-service-c.p.l.u.UploaderServiceApplication.logStarting - Starting UploaderServiceApplication using Java 21 with PID 73 (/app/target/classes started by root in /app)
14-07-2025 16:15:44.608 [main] [-] INFO  uploader-service-c.p.l.u.UploaderServiceApplication.logStartupProfileInfo - No active profile set, falling back to 1 default profile: "default"
14-07-2025 16:15:44.679 [main] [-] INFO  uploader-service-o.s.c.c.c.ConfigServerConfigDataLoader.logTo - Fetching config from server at : http://config-server:8888
14-07-2025 16:15:44.680 [main] [-] INFO  uploader-service-o.s.c.c.c.ConfigServerConfigDataLoader.logTo - Located environment: name=uploader-service, profiles=[default], label=null, version=64e0134b225641ad316e569ccb094289dd26fd02, state=
14-07-2025 16:15:47.275 [main] [-] INFO  uploader-service-o.s.cloud.context.scope.GenericScope.setSerializationId - BeanFactory id=ee030b29-9e37-350e-90cf-aee743661215
14-07-2025 16:15:47.349 [main] [-] WARN  uploader-service-o.s.c.s.PostProcessorRegistrationDelegate$BeanPostProcessorChecker.postProcessAfterInitialization - Bean 'org.springframework.cloud.client.loadbalancer.LoadBalancerAutoConfiguration$DeferringLoadBalancerInterceptorConfig' of type [org.springframework.cloud.client.loadbalancer.LoadBalancerAutoConfiguration$DeferringLoadBalancerInterceptorConfig] is not eligible for getting processed by all BeanPostProcessors (for example: not eligible for auto-proxying). The currently created BeanPostProcessor [lbRestClientPostProcessor] is declared through a non-static factory method on that class; consider declaring it as static instead.
14-07-2025 16:15:47.355 [main] [-] WARN  uploader-service-o.s.c.s.PostProcessorRegistrationDelegate$BeanPostProcessorChecker.postProcessAfterInitialization - Bean 'deferringLoadBalancerInterceptor' of type [org.springframework.cloud.client.loadbalancer.DeferringLoadBalancerInterceptor] is not eligible for getting processed by all BeanPostProcessors (for example: not eligible for auto-proxying). Is this bean getting eagerly injected/applied to a currently created BeanPostProcessor [lbRestClientPostProcessor]? Check the corresponding BeanPostProcessor declaration and its dependencies/advisors. If this bean does not have to be post-processed, declare it with ROLE_INFRASTRUCTURE.
14-07-2025 16:15:47.651 [main] [-] INFO  uploader-service-o.s.b.w.e.tomcat.TomcatWebServer.initialize - Tomcat initialized with port 9050 (http)
14-07-2025 16:15:47.670 [main] [-] INFO  uploader-service-o.a.coyote.http11.Http11NioProtocol.log - Initializing ProtocolHandler ["http-nio-9050"]
14-07-2025 16:15:47.675 [main] [-] INFO  uploader-service-o.a.catalina.core.StandardService.log - Starting service [Tomcat]
14-07-2025 16:15:47.676 [main] [-] INFO  uploader-service-o.a.catalina.core.StandardEngine.log - Starting Servlet engine: [Apache Tomcat/10.1.33]
14-07-2025 16:15:47.754 [main] [-] INFO  uploader-service-o.a.c.c.C.[.[localhost].[/uploads].log - Initializing Spring embedded WebApplicationContext
14-07-2025 16:15:47.755 [main] [-] INFO  uploader-service-o.s.b.w.s.c.ServletWebServerApplicationContext.prepareWebApplicationContext - Root WebApplicationContext: initialization completed in 3072 ms
14-07-2025 16:15:50.785 [main] [-] INFO  uploader-service-o.s.c.n.e.c.DiscoveryClientOptionalArgsConfiguration.restTemplateDiscoveryClientOptionalArgs - Eureka HTTP Client uses RestTemplate.
14-07-2025 16:15:50.854 [main] [-] WARN  uploader-service-o.s.c.l.c.LoadBalancerCacheAutoConfiguration$LoadBalancerCaffeineWarnLogger.afterPropertiesSet - Spring Cloud LoadBalancer is currently working with the default cache. While this cache implementation is useful for development and tests, it's recommended to use Caffeine cache in production.You can switch to using Caffeine cache, by adding it and org.springframework.cache.caffeine.CaffeineCacheManager to the classpath.
14-07-2025 16:15:50.873 [main] [-] INFO  uploader-service-o.s.b.a.e.web.EndpointLinksResolver.<init> - Exposing 25 endpoints beneath base path '/actuator'
14-07-2025 16:15:51.019 [main] [-] INFO  uploader-service-o.s.c.n.eureka.InstanceInfoFactory.create - Setting initial instance status as: STARTING
14-07-2025 16:15:51.050 [main] [-] INFO  uploader-service-c.netflix.discovery.DiscoveryClient.<init> - Initializing Eureka in region us-east-1
14-07-2025 16:15:51.056 [main] [-] INFO  uploader-service-c.n.d.s.r.aws.ConfigClusterResolver.getClusterEndpoints - Resolving eureka endpoints via configuration
14-07-2025 16:15:51.065 [main] [-] INFO  uploader-service-c.netflix.discovery.DiscoveryClient.fetchRegistry - Disable delta property : false
14-07-2025 16:15:51.066 [main] [-] INFO  uploader-service-c.netflix.discovery.DiscoveryClient.fetchRegistry - Single vip registry refresh property : null
14-07-2025 16:15:51.067 [main] [-] INFO  uploader-service-c.netflix.discovery.DiscoveryClient.fetchRegistry - Force full registry fetch : false
14-07-2025 16:15:51.067 [main] [-] INFO  uploader-service-c.netflix.discovery.DiscoveryClient.fetchRegistry - Application is null : false
14-07-2025 16:15:51.068 [main] [-] INFO  uploader-service-c.netflix.discovery.DiscoveryClient.fetchRegistry - Registered Applications size is zero : true
14-07-2025 16:15:51.068 [main] [-] INFO  uploader-service-c.netflix.discovery.DiscoveryClient.fetchRegistry - Application version is -1: true
14-07-2025 16:15:51.069 [main] [-] INFO  uploader-service-c.netflix.discovery.DiscoveryClient.getAndStoreFullRegistry - Getting all instance registry info from the eureka server
14-07-2025 16:15:51.272 [main] [-] INFO  uploader-service-c.netflix.discovery.DiscoveryClient.getAndStoreFullRegistry - The response status is 200
14-07-2025 16:15:51.275 [main] [-] INFO  uploader-service-c.netflix.discovery.DiscoveryClient.initScheduledTasks - Starting heartbeat executor: renew interval is: 30
14-07-2025 16:15:51.278 [main] [-] INFO  uploader-service-c.n.discovery.InstanceInfoReplicator.<init> - InstanceInfoReplicator onDemand update allowed rate per min is 4
14-07-2025 16:15:51.281 [main] [-] INFO  uploader-service-c.netflix.discovery.DiscoveryClient.<init> - Discovery Client initialized at timestamp 1752509751280 with initial instances count: 0
14-07-2025 16:15:51.285 [main] [-] INFO  uploader-service-o.s.c.n.e.s.EurekaServiceRegistry.register - Registering application UPLOADER-SERVICE with eureka with status UP
14-07-2025 16:15:51.287 [main] [-] INFO  uploader-service-c.netflix.discovery.DiscoveryClient.notify - Saw local status change event StatusChangeEvent [timestamp=1752509751287, current=UP, previous=STARTING]
14-07-2025 16:15:51.289 [DiscoveryClient-InstanceInfoReplicator-%d] [-] INFO  uploader-service-c.netflix.discovery.DiscoveryClient.register - DiscoveryClient_UPLOADER-SERVICE/073e8fe75d7e:uploader-service:9050: registering service...
14-07-2025 16:15:51.289 [main] [-] INFO  uploader-service-o.a.coyote.http11.Http11NioProtocol.log - Starting ProtocolHandler ["http-nio-9050"]
14-07-2025 16:15:51.310 [main] [-] INFO  uploader-service-o.s.b.w.e.tomcat.TomcatWebServer.start - Tomcat started on port 9050 (http) with context path '/uploads'
14-07-2025 16:15:51.312 [main] [-] INFO  uploader-service-o.s.c.n.e.s.EurekaAutoServiceRegistration.onApplicationEvent - Updating port to 9050
14-07-2025 16:15:51.327 [main] [-] INFO  uploader-service-c.p.l.u.UploaderServiceApplication.logStarted - Started UploaderServiceApplication in 10.636 seconds (process running for 11.328)
14-07-2025 16:15:51.348 [DiscoveryClient-InstanceInfoReplicator-%d] [-] INFO  uploader-service-c.netflix.discovery.DiscoveryClient.register - DiscoveryClient_UPLOADER-SERVICE/073e8fe75d7e:uploader-service:9050 - registration status: 204
14-07-2025 16:16:21.275 [DiscoveryClient-CacheRefreshExecutor-%d] [-] INFO  uploader-service-c.netflix.discovery.DiscoveryClient.fetchRegistry - Disable delta property : false
14-07-2025 16:16:21.276 [DiscoveryClient-CacheRefreshExecutor-%d] [-] INFO  uploader-service-c.netflix.discovery.DiscoveryClient.fetchRegistry - Single vip registry refresh property : null
14-07-2025 16:16:21.278 [DiscoveryClient-CacheRefreshExecutor-%d] [-] INFO  uploader-service-c.netflix.discovery.DiscoveryClient.fetchRegistry - Force full registry fetch : false
14-07-2025 16:16:21.279 [DiscoveryClient-CacheRefreshExecutor-%d] [-] INFO  uploader-service-c.netflix.discovery.DiscoveryClient.fetchRegistry - Application is null : false
14-07-2025 16:16:21.280 [DiscoveryClient-CacheRefreshExecutor-%d] [-] INFO  uploader-service-c.netflix.discovery.DiscoveryClient.fetchRegistry - Registered Applications size is zero : true
14-07-2025 16:16:21.280 [DiscoveryClient-CacheRefreshExecutor-%d] [-] INFO  uploader-service-c.netflix.discovery.DiscoveryClient.fetchRegistry - Application version is -1: false
14-07-2025 16:16:21.281 [DiscoveryClient-CacheRefreshExecutor-%d] [-] INFO  uploader-service-c.netflix.discovery.DiscoveryClient.getAndStoreFullRegistry - Getting all instance registry info from the eureka server
14-07-2025 16:16:21.302 [DiscoveryClient-CacheRefreshExecutor-%d] [-] INFO  uploader-service-c.netflix.discovery.DiscoveryClient.getAndStoreFullRegistry - The response status is 200
14-07-2025 16:20:51.061 [AsyncResolver-bootstrap-executor-%d] [-] INFO  uploader-service-c.n.d.s.r.aws.ConfigClusterResolver.getClusterEndpoints - Resolving eureka endpoints via configuration
14-07-2025 16:25:51.049 [AsyncResolver-bootstrap-executor-%d] [-] INFO  uploader-service-c.n.d.s.r.aws.ConfigClusterResolver.getClusterEndpoints - Resolving eureka endpoints via configuration
14-07-2025 16:30:51.038 [AsyncResolver-bootstrap-executor-%d] [-] INFO  uploader-service-c.n.d.s.r.aws.ConfigClusterResolver.getClusterEndpoints - Resolving eureka endpoints via configuration
14-07-2025 16:35:51.027 [AsyncResolver-bootstrap-executor-%d] [-] INFO  uploader-service-c.n.d.s.r.aws.ConfigClusterResolver.getClusterEndpoints - Resolving eureka endpoints via configuration
14-07-2025 16:40:08.524 [SpringApplicationShutdownHook] [-] INFO  uploader-service-o.s.c.n.e.s.EurekaServiceRegistry.deregister - Unregistering application UPLOADER-SERVICE with eureka with status DOWN
14-07-2025 16:40:08.525 [SpringApplicationShutdownHook] [-] INFO  uploader-service-c.netflix.discovery.DiscoveryClient.notify - Saw local status change event StatusChangeEvent [timestamp=1752511208525, current=DOWN, previous=UP]
14-07-2025 16:40:08.526 [DiscoveryClient-InstanceInfoReplicator-%d] [-] INFO  uploader-service-c.netflix.discovery.DiscoveryClient.register - DiscoveryClient_UPLOADER-SERVICE/073e8fe75d7e:uploader-service:9050: registering service...
14-07-2025 16:40:08.555 [DiscoveryClient-InstanceInfoReplicator-%d] [-] INFO  uploader-service-c.netflix.discovery.DiscoveryClient.register - DiscoveryClient_UPLOADER-SERVICE/073e8fe75d7e:uploader-service:9050 - registration status: 204
14-07-2025 16:40:08.775 [SpringApplicationShutdownHook] [-] INFO  uploader-service-c.netflix.discovery.DiscoveryClient.shutdown - Shutting down DiscoveryClient ...
14-07-2025 16:40:11.776 [SpringApplicationShutdownHook] [-] INFO  uploader-service-c.netflix.discovery.DiscoveryClient.unregister - Unregistering ...
14-07-2025 16:40:11.782 [SpringApplicationShutdownHook] [-] INFO  uploader-service-c.netflix.discovery.DiscoveryClient.unregister - DiscoveryClient_UPLOADER-SERVICE/073e8fe75d7e:uploader-service:9050 - deregister  status: 200
14-07-2025 16:40:11.783 [SpringApplicationShutdownHook] [-] INFO  uploader-service-c.netflix.discovery.DiscoveryClient.shutdown - Completed shut down of DiscoveryClient
14-07-2025 16:41:33.423 [main] [-] INFO  uploader-service-c.p.l.u.UploaderServiceApplication.logStarting - Starting UploaderServiceApplication using Java 21 with PID 76 (/app/target/classes started by root in /app)
14-07-2025 16:41:33.428 [main] [-] INFO  uploader-service-c.p.l.u.UploaderServiceApplication.logStartupProfileInfo - No active profile set, falling back to 1 default profile: "default"
14-07-2025 16:41:33.495 [main] [-] INFO  uploader-service-o.s.c.c.c.ConfigServerConfigDataLoader.logTo - Fetching config from server at : http://config-server:8888
14-07-2025 16:41:33.496 [main] [-] INFO  uploader-service-o.s.c.c.c.ConfigServerConfigDataLoader.logTo - Located environment: name=uploader-service, profiles=[default], label=null, version=64e0134b225641ad316e569ccb094289dd26fd02, state=
14-07-2025 16:41:35.549 [main] [-] INFO  uploader-service-o.s.cloud.context.scope.GenericScope.setSerializationId - BeanFactory id=ee030b29-9e37-350e-90cf-aee743661215
14-07-2025 16:41:35.619 [main] [-] WARN  uploader-service-o.s.c.s.PostProcessorRegistrationDelegate$BeanPostProcessorChecker.postProcessAfterInitialization - Bean 'org.springframework.cloud.client.loadbalancer.LoadBalancerAutoConfiguration$DeferringLoadBalancerInterceptorConfig' of type [org.springframework.cloud.client.loadbalancer.LoadBalancerAutoConfiguration$DeferringLoadBalancerInterceptorConfig] is not eligible for getting processed by all BeanPostProcessors (for example: not eligible for auto-proxying). The currently created BeanPostProcessor [lbRestClientPostProcessor] is declared through a non-static factory method on that class; consider declaring it as static instead.
14-07-2025 16:41:35.623 [main] [-] WARN  uploader-service-o.s.c.s.PostProcessorRegistrationDelegate$BeanPostProcessorChecker.postProcessAfterInitialization - Bean 'deferringLoadBalancerInterceptor' of type [org.springframework.cloud.client.loadbalancer.DeferringLoadBalancerInterceptor] is not eligible for getting processed by all BeanPostProcessors (for example: not eligible for auto-proxying). Is this bean getting eagerly injected/applied to a currently created BeanPostProcessor [lbRestClientPostProcessor]? Check the corresponding BeanPostProcessor declaration and its dependencies/advisors. If this bean does not have to be post-processed, declare it with ROLE_INFRASTRUCTURE.
14-07-2025 16:41:35.927 [main] [-] INFO  uploader-service-o.s.b.w.e.tomcat.TomcatWebServer.initialize - Tomcat initialized with port 9050 (http)
14-07-2025 16:41:35.949 [main] [-] INFO  uploader-service-o.a.coyote.http11.Http11NioProtocol.log - Initializing ProtocolHandler ["http-nio-9050"]
14-07-2025 16:41:35.966 [main] [-] INFO  uploader-service-o.a.catalina.core.StandardService.log - Starting service [Tomcat]
14-07-2025 16:41:35.973 [main] [-] INFO  uploader-service-o.a.catalina.core.StandardEngine.log - Starting Servlet engine: [Apache Tomcat/10.1.33]
14-07-2025 16:41:36.067 [main] [-] INFO  uploader-service-o.a.c.c.C.[.[localhost].[/uploads].log - Initializing Spring embedded WebApplicationContext
14-07-2025 16:41:36.068 [main] [-] INFO  uploader-service-o.s.b.w.s.c.ServletWebServerApplicationContext.prepareWebApplicationContext - Root WebApplicationContext: initialization completed in 2569 ms
14-07-2025 16:41:38.384 [main] [-] INFO  uploader-service-o.s.c.n.e.c.DiscoveryClientOptionalArgsConfiguration.restTemplateDiscoveryClientOptionalArgs - Eureka HTTP Client uses RestTemplate.
14-07-2025 16:41:38.434 [main] [-] WARN  uploader-service-o.s.c.l.c.LoadBalancerCacheAutoConfiguration$LoadBalancerCaffeineWarnLogger.afterPropertiesSet - Spring Cloud LoadBalancer is currently working with the default cache. While this cache implementation is useful for development and tests, it's recommended to use Caffeine cache in production.You can switch to using Caffeine cache, by adding it and org.springframework.cache.caffeine.CaffeineCacheManager to the classpath.
14-07-2025 16:41:38.446 [main] [-] INFO  uploader-service-o.s.b.a.e.web.EndpointLinksResolver.<init> - Exposing 25 endpoints beneath base path '/actuator'
14-07-2025 16:41:38.557 [main] [-] INFO  uploader-service-o.s.c.n.eureka.InstanceInfoFactory.create - Setting initial instance status as: STARTING
14-07-2025 16:41:38.592 [main] [-] INFO  uploader-service-c.netflix.discovery.DiscoveryClient.<init> - Initializing Eureka in region us-east-1
14-07-2025 16:41:38.602 [main] [-] INFO  uploader-service-c.n.d.s.r.aws.ConfigClusterResolver.getClusterEndpoints - Resolving eureka endpoints via configuration
14-07-2025 16:41:38.615 [main] [-] INFO  uploader-service-c.netflix.discovery.DiscoveryClient.fetchRegistry - Disable delta property : false
14-07-2025 16:41:38.617 [main] [-] INFO  uploader-service-c.netflix.discovery.DiscoveryClient.fetchRegistry - Single vip registry refresh property : null
14-07-2025 16:41:38.617 [main] [-] INFO  uploader-service-c.netflix.discovery.DiscoveryClient.fetchRegistry - Force full registry fetch : false
14-07-2025 16:41:38.618 [main] [-] INFO  uploader-service-c.netflix.discovery.DiscoveryClient.fetchRegistry - Application is null : false
14-07-2025 16:41:38.619 [main] [-] INFO  uploader-service-c.netflix.discovery.DiscoveryClient.fetchRegistry - Registered Applications size is zero : true
14-07-2025 16:41:38.619 [main] [-] INFO  uploader-service-c.netflix.discovery.DiscoveryClient.fetchRegistry - Application version is -1: true
14-07-2025 16:41:38.620 [main] [-] INFO  uploader-service-c.netflix.discovery.DiscoveryClient.getAndStoreFullRegistry - Getting all instance registry info from the eureka server
14-07-2025 16:41:38.871 [main] [-] INFO  uploader-service-c.netflix.discovery.DiscoveryClient.getAndStoreFullRegistry - The response status is 200
14-07-2025 16:41:38.874 [main] [-] INFO  uploader-service-c.netflix.discovery.DiscoveryClient.initScheduledTasks - Starting heartbeat executor: renew interval is: 30
14-07-2025 16:41:38.880 [main] [-] INFO  uploader-service-c.n.discovery.InstanceInfoReplicator.<init> - InstanceInfoReplicator onDemand update allowed rate per min is 4
14-07-2025 16:41:38.884 [main] [-] INFO  uploader-service-c.netflix.discovery.DiscoveryClient.<init> - Discovery Client initialized at timestamp 1752511298884 with initial instances count: 1
14-07-2025 16:41:38.889 [main] [-] INFO  uploader-service-o.s.c.n.e.s.EurekaServiceRegistry.register - Registering application UPLOADER-SERVICE with eureka with status UP
14-07-2025 16:41:38.892 [main] [-] INFO  uploader-service-c.netflix.discovery.DiscoveryClient.notify - Saw local status change event StatusChangeEvent [timestamp=1752511298891, current=UP, previous=STARTING]
14-07-2025 16:41:38.895 [DiscoveryClient-InstanceInfoReplicator-%d] [-] INFO  uploader-service-c.netflix.discovery.DiscoveryClient.register - DiscoveryClient_UPLOADER-SERVICE/073e8fe75d7e:uploader-service:9050: registering service...
14-07-2025 16:41:38.895 [main] [-] INFO  uploader-service-o.a.coyote.http11.Http11NioProtocol.log - Starting ProtocolHandler ["http-nio-9050"]
14-07-2025 16:41:38.921 [main] [-] INFO  uploader-service-o.s.b.w.e.tomcat.TomcatWebServer.start - Tomcat started on port 9050 (http) with context path '/uploads'
14-07-2025 16:41:38.925 [main] [-] INFO  uploader-service-o.s.c.n.e.s.EurekaAutoServiceRegistration.onApplicationEvent - Updating port to 9050
14-07-2025 16:41:38.944 [main] [-] INFO  uploader-service-c.p.l.u.UploaderServiceApplication.logStarted - Started UploaderServiceApplication in 14.575 seconds (process running for 15.352)
14-07-2025 16:41:38.959 [DiscoveryClient-InstanceInfoReplicator-%d] [-] INFO  uploader-service-c.netflix.discovery.DiscoveryClient.register - DiscoveryClient_UPLOADER-SERVICE/073e8fe75d7e:uploader-service:9050 - registration status: 204
14-07-2025 16:46:38.611 [AsyncResolver-bootstrap-executor-%d] [-] INFO  uploader-service-c.n.d.s.r.aws.ConfigClusterResolver.getClusterEndpoints - Resolving eureka endpoints via configuration
14-07-2025 16:51:38.599 [AsyncResolver-bootstrap-executor-%d] [-] INFO  uploader-service-c.n.d.s.r.aws.ConfigClusterResolver.getClusterEndpoints - Resolving eureka endpoints via configuration
14-07-2025 16:56:38.588 [AsyncResolver-bootstrap-executor-%d] [-] INFO  uploader-service-c.n.d.s.r.aws.ConfigClusterResolver.getClusterEndpoints - Resolving eureka endpoints via configuration
14-07-2025 17:01:38.564 [AsyncResolver-bootstrap-executor-%d] [-] INFO  uploader-service-c.n.d.s.r.aws.ConfigClusterResolver.getClusterEndpoints - Resolving eureka endpoints via configuration
14-07-2025 17:06:38.544 [AsyncResolver-bootstrap-executor-%d] [-] INFO  uploader-service-c.n.d.s.r.aws.ConfigClusterResolver.getClusterEndpoints - Resolving eureka endpoints via configuration
14-07-2025 17:11:38.528 [AsyncResolver-bootstrap-executor-%d] [-] INFO  uploader-service-c.n.d.s.r.aws.ConfigClusterResolver.getClusterEndpoints - Resolving eureka endpoints via configuration
14-07-2025 17:16:38.514 [AsyncResolver-bootstrap-executor-%d] [-] INFO  uploader-service-c.n.d.s.r.aws.ConfigClusterResolver.getClusterEndpoints - Resolving eureka endpoints via configuration
14-07-2025 17:21:38.500 [AsyncResolver-bootstrap-executor-%d] [-] INFO  uploader-service-c.n.d.s.r.aws.ConfigClusterResolver.getClusterEndpoints - Resolving eureka endpoints via configuration
14-07-2025 17:26:38.487 [AsyncResolver-bootstrap-executor-%d] [-] INFO  uploader-service-c.n.d.s.r.aws.ConfigClusterResolver.getClusterEndpoints - Resolving eureka endpoints via configuration
14-07-2025 17:28:24.207 [http-nio-9050-exec-1] [-] INFO  uploader-service-o.a.c.c.C.[.[localhost].[/uploads].log - Initializing Spring DispatcherServlet 'dispatcherServlet'
14-07-2025 17:28:24.208 [http-nio-9050-exec-1] [-] INFO  uploader-service-o.s.web.servlet.DispatcherServlet.initServletBean - Initializing Servlet 'dispatcherServlet'
14-07-2025 17:28:24.227 [http-nio-9050-exec-1] [-] INFO  uploader-service-o.s.web.servlet.DispatcherServlet.initServletBean - Completed initialization in 19 ms
14-07-2025 17:28:24.540 [http-nio-9050-exec-1] [68753e37791dede2f766ea12073f25b3-102179fb41facab9] INFO  uploader-service-o.s.api.AbstractOpenApiResource.getOpenApi - Init duration for springdoc-openapi is: 216 ms
14-07-2025 17:31:38.475 [AsyncResolver-bootstrap-executor-%d] [-] INFO  uploader-service-c.n.d.s.r.aws.ConfigClusterResolver.getClusterEndpoints - Resolving eureka endpoints via configuration
14-07-2025 17:36:38.462 [AsyncResolver-bootstrap-executor-%d] [-] INFO  uploader-service-c.n.d.s.r.aws.ConfigClusterResolver.getClusterEndpoints - Resolving eureka endpoints via configuration
14-07-2025 17:41:38.450 [AsyncResolver-bootstrap-executor-%d] [-] INFO  uploader-service-c.n.d.s.r.aws.ConfigClusterResolver.getClusterEndpoints - Resolving eureka endpoints via configuration
14-07-2025 17:46:38.437 [AsyncResolver-bootstrap-executor-%d] [-] INFO  uploader-service-c.n.d.s.r.aws.ConfigClusterResolver.getClusterEndpoints - Resolving eureka endpoints via configuration
14-07-2025 17:51:38.415 [AsyncResolver-bootstrap-executor-%d] [-] INFO  uploader-service-c.n.d.s.r.aws.ConfigClusterResolver.getClusterEndpoints - Resolving eureka endpoints via configuration
14-07-2025 17:56:38.414 [AsyncResolver-bootstrap-executor-%d] [-] INFO  uploader-service-c.n.d.s.r.aws.ConfigClusterResolver.getClusterEndpoints - Resolving eureka endpoints via configuration
14-07-2025 18:01:38.402 [AsyncResolver-bootstrap-executor-%d] [-] INFO  uploader-service-c.n.d.s.r.aws.ConfigClusterResolver.getClusterEndpoints - Resolving eureka endpoints via configuration
14-07-2025 18:06:38.390 [AsyncResolver-bootstrap-executor-%d] [-] INFO  uploader-service-c.n.d.s.r.aws.ConfigClusterResolver.getClusterEndpoints - Resolving eureka endpoints via configuration
14-07-2025 18:11:38.379 [AsyncResolver-bootstrap-executor-%d] [-] INFO  uploader-service-c.n.d.s.r.aws.ConfigClusterResolver.getClusterEndpoints - Resolving eureka endpoints via configuration
14-07-2025 18:16:38.369 [AsyncResolver-bootstrap-executor-%d] [-] INFO  uploader-service-c.n.d.s.r.aws.ConfigClusterResolver.getClusterEndpoints - Resolving eureka endpoints via configuration
14-07-2025 18:22:53.785 [AsyncResolver-bootstrap-executor-%d] [-] INFO  uploader-service-c.n.d.s.r.aws.ConfigClusterResolver.getClusterEndpoints - Resolving eureka endpoints via configuration
14-07-2025 18:27:53.772 [AsyncResolver-bootstrap-executor-%d] [-] INFO  uploader-service-c.n.d.s.r.aws.ConfigClusterResolver.getClusterEndpoints - Resolving eureka endpoints via configuration
14-07-2025 18:32:53.750 [AsyncResolver-bootstrap-executor-%d] [-] INFO  uploader-service-c.n.d.s.r.aws.ConfigClusterResolver.getClusterEndpoints - Resolving eureka endpoints via configuration
14-07-2025 18:37:53.731 [AsyncResolver-bootstrap-executor-%d] [-] INFO  uploader-service-c.n.d.s.r.aws.ConfigClusterResolver.getClusterEndpoints - Resolving eureka endpoints via configuration
14-07-2025 18:42:53.713 [AsyncResolver-bootstrap-executor-%d] [-] INFO  uploader-service-c.n.d.s.r.aws.ConfigClusterResolver.getClusterEndpoints - Resolving eureka endpoints via configuration
14-07-2025 18:47:53.698 [AsyncResolver-bootstrap-executor-%d] [-] INFO  uploader-service-c.n.d.s.r.aws.ConfigClusterResolver.getClusterEndpoints - Resolving eureka endpoints via configuration
14-07-2025 18:52:53.685 [AsyncResolver-bootstrap-executor-%d] [-] INFO  uploader-service-c.n.d.s.r.aws.ConfigClusterResolver.getClusterEndpoints - Resolving eureka endpoints via configuration
14-07-2025 18:57:53.673 [AsyncResolver-bootstrap-executor-%d] [-] INFO  uploader-service-c.n.d.s.r.aws.ConfigClusterResolver.getClusterEndpoints - Resolving eureka endpoints via configuration
14-07-2025 19:02:53.660 [AsyncResolver-bootstrap-executor-%d] [-] INFO  uploader-service-c.n.d.s.r.aws.ConfigClusterResolver.getClusterEndpoints - Resolving eureka endpoints via configuration
14-07-2025 19:07:53.648 [AsyncResolver-bootstrap-executor-%d] [-] INFO  uploader-service-c.n.d.s.r.aws.ConfigClusterResolver.getClusterEndpoints - Resolving eureka endpoints via configuration
14-07-2025 19:12:53.636 [AsyncResolver-bootstrap-executor-%d] [-] INFO  uploader-service-c.n.d.s.r.aws.ConfigClusterResolver.getClusterEndpoints - Resolving eureka endpoints via configuration
14-07-2025 19:17:53.625 [AsyncResolver-bootstrap-executor-%d] [-] INFO  uploader-service-c.n.d.s.r.aws.ConfigClusterResolver.getClusterEndpoints - Resolving eureka endpoints via configuration
14-07-2025 19:22:53.614 [AsyncResolver-bootstrap-executor-%d] [-] INFO  uploader-service-c.n.d.s.r.aws.ConfigClusterResolver.getClusterEndpoints - Resolving eureka endpoints via configuration
14-07-2025 19:27:53.606 [AsyncResolver-bootstrap-executor-%d] [-] INFO  uploader-service-c.n.d.s.r.aws.ConfigClusterResolver.getClusterEndpoints - Resolving eureka endpoints via configuration
14-07-2025 19:32:53.596 [AsyncResolver-bootstrap-executor-%d] [-] INFO  uploader-service-c.n.d.s.r.aws.ConfigClusterResolver.getClusterEndpoints - Resolving eureka endpoints via configuration
14-07-2025 19:37:53.585 [AsyncResolver-bootstrap-executor-%d] [-] INFO  uploader-service-c.n.d.s.r.aws.ConfigClusterResolver.getClusterEndpoints - Resolving eureka endpoints via configuration
14-07-2025 19:42:53.575 [AsyncResolver-bootstrap-executor-%d] [-] INFO  uploader-service-c.n.d.s.r.aws.ConfigClusterResolver.getClusterEndpoints - Resolving eureka endpoints via configuration
14-07-2025 19:47:53.562 [AsyncResolver-bootstrap-executor-%d] [-] INFO  uploader-service-c.n.d.s.r.aws.ConfigClusterResolver.getClusterEndpoints - Resolving eureka endpoints via configuration
14-07-2025 19:52:53.546 [AsyncResolver-bootstrap-executor-%d] [-] INFO  uploader-service-c.n.d.s.r.aws.ConfigClusterResolver.getClusterEndpoints - Resolving eureka endpoints via configuration
14-07-2025 19:57:53.531 [AsyncResolver-bootstrap-executor-%d] [-] INFO  uploader-service-c.n.d.s.r.aws.ConfigClusterResolver.getClusterEndpoints - Resolving eureka endpoints via configuration
14-07-2025 20:02:53.517 [AsyncResolver-bootstrap-executor-%d] [-] INFO  uploader-service-c.n.d.s.r.aws.ConfigClusterResolver.getClusterEndpoints - Resolving eureka endpoints via configuration
14-07-2025 20:07:53.506 [AsyncResolver-bootstrap-executor-%d] [-] INFO  uploader-service-c.n.d.s.r.aws.ConfigClusterResolver.getClusterEndpoints - Resolving eureka endpoints via configuration
14-07-2025 20:12:53.493 [AsyncResolver-bootstrap-executor-%d] [-] INFO  uploader-service-c.n.d.s.r.aws.ConfigClusterResolver.getClusterEndpoints - Resolving eureka endpoints via configuration
14-07-2025 20:17:53.480 [AsyncResolver-bootstrap-executor-%d] [-] INFO  uploader-service-c.n.d.s.r.aws.ConfigClusterResolver.getClusterEndpoints - Resolving eureka endpoints via configuration
14-07-2025 20:22:53.468 [AsyncResolver-bootstrap-executor-%d] [-] INFO  uploader-service-c.n.d.s.r.aws.ConfigClusterResolver.getClusterEndpoints - Resolving eureka endpoints via configuration
14-07-2025 20:27:53.457 [AsyncResolver-bootstrap-executor-%d] [-] INFO  uploader-service-c.n.d.s.r.aws.ConfigClusterResolver.getClusterEndpoints - Resolving eureka endpoints via configuration
14-07-2025 20:32:53.446 [AsyncResolver-bootstrap-executor-%d] [-] INFO  uploader-service-c.n.d.s.r.aws.ConfigClusterResolver.getClusterEndpoints - Resolving eureka endpoints via configuration
14-07-2025 20:37:53.434 [AsyncResolver-bootstrap-executor-%d] [-] INFO  uploader-service-c.n.d.s.r.aws.ConfigClusterResolver.getClusterEndpoints - Resolving eureka endpoints via configuration
14-07-2025 20:42:53.423 [AsyncResolver-bootstrap-executor-%d] [-] INFO  uploader-service-c.n.d.s.r.aws.ConfigClusterResolver.getClusterEndpoints - Resolving eureka endpoints via configuration
14-07-2025 20:47:53.412 [AsyncResolver-bootstrap-executor-%d] [-] INFO  uploader-service-c.n.d.s.r.aws.ConfigClusterResolver.getClusterEndpoints - Resolving eureka endpoints via configuration
14-07-2025 20:52:53.401 [AsyncResolver-bootstrap-executor-%d] [-] INFO  uploader-service-c.n.d.s.r.aws.ConfigClusterResolver.getClusterEndpoints - Resolving eureka endpoints via configuration
14-07-2025 20:57:53.390 [AsyncResolver-bootstrap-executor-%d] [-] INFO  uploader-service-c.n.d.s.r.aws.ConfigClusterResolver.getClusterEndpoints - Resolving eureka endpoints via configuration
14-07-2025 21:02:53.378 [AsyncResolver-bootstrap-executor-%d] [-] INFO  uploader-service-c.n.d.s.r.aws.ConfigClusterResolver.getClusterEndpoints - Resolving eureka endpoints via configuration
14-07-2025 21:07:53.367 [AsyncResolver-bootstrap-executor-%d] [-] INFO  uploader-service-c.n.d.s.r.aws.ConfigClusterResolver.getClusterEndpoints - Resolving eureka endpoints via configuration
14-07-2025 22:09:57.657 [AsyncResolver-bootstrap-executor-%d] [-] INFO  uploader-service-c.n.d.s.r.aws.ConfigClusterResolver.getClusterEndpoints - Resolving eureka endpoints via configuration
14-07-2025 22:14:57.645 [AsyncResolver-bootstrap-executor-%d] [-] INFO  uploader-service-c.n.d.s.r.aws.ConfigClusterResolver.getClusterEndpoints - Resolving eureka endpoints via configuration
14-07-2025 22:19:57.632 [AsyncResolver-bootstrap-executor-%d] [-] INFO  uploader-service-c.n.d.s.r.aws.ConfigClusterResolver.getClusterEndpoints - Resolving eureka endpoints via configuration
