15-07-2025 08:46:17.651 [AsyncResolver-bootstrap-executor-%d] [-] INFO  uploader-service-c.n.d.s.r.aws.ConfigClusterResolver.getClusterEndpoints - Resolving eureka endpoints via configuration
15-07-2025 08:51:29.771 [AsyncResolver-bootstrap-executor-%d] [-] INFO  uploader-service-c.n.d.s.r.aws.ConfigClusterResolver.getClusterEndpoints - Resolving eureka endpoints via configuration
15-07-2025 08:56:29.746 [AsyncResolver-bootstrap-executor-%d] [-] INFO  uploader-service-c.n.d.s.r.aws.ConfigClusterResolver.getClusterEndpoints - Resolving eureka endpoints via configuration
15-07-2025 09:01:29.757 [AsyncResolver-bootstrap-executor-%d] [-] INFO  uploader-service-c.n.d.s.r.aws.ConfigClusterResolver.getClusterEndpoints - Resolving eureka endpoints via configuration
15-07-2025 09:06:29.740 [AsyncResolver-bootstrap-executor-%d] [-] INFO  uploader-service-c.n.d.s.r.aws.ConfigClusterResolver.getClusterEndpoints - Resolving eureka endpoints via configuration
15-07-2025 09:11:29.722 [AsyncResolver-bootstrap-executor-%d] [-] INFO  uploader-service-c.n.d.s.r.aws.ConfigClusterResolver.getClusterEndpoints - Resolving eureka endpoints via configuration
15-07-2025 12:52:15.285 [AsyncResolver-bootstrap-executor-%d] [-] INFO  uploader-service-c.n.d.s.r.aws.ConfigClusterResolver.getClusterEndpoints - Resolving eureka endpoints via configuration
15-07-2025 12:56:18.313 [http-nio-9050-exec-3] [68764ff04c410de1584132cd472c10c6-af2ae1093e5bba39] INFO  uploader-service-c.p.l.u.c.FileUploadController.uploadImage - Received upload request
15-07-2025 12:56:18.317 [http-nio-9050-exec-3] [68764ff04c410de1584132cd472c10c6-af2ae1093e5bba39] INFO  uploader-service-c.p.l.u.s.CloudinaryFileUploaderService.upload - Uploading file to Cloudinary...
15-07-2025 12:56:20.365 [http-nio-9050-exec-3] [68764ff04c410de1584132cd472c10c6-af2ae1093e5bba39] INFO  uploader-service-c.p.l.u.s.CloudinaryFileUploaderService.upload - Upload successful: https://res.cloudinary.com/dhpwsr9l0/image/upload/v1752584178/adufhz3hwlo1buimv54r.png
15-07-2025 12:56:22.186 [http-nio-9050-exec-4] [68764ff6ce8ac24410d9e8af0f0d6c3b-864dd32e28ebab40] INFO  uploader-service-c.p.l.u.c.FileUploadController.uploadImage - Received upload request
15-07-2025 12:56:22.187 [http-nio-9050-exec-4] [68764ff6ce8ac24410d9e8af0f0d6c3b-864dd32e28ebab40] INFO  uploader-service-c.p.l.u.s.CloudinaryFileUploaderService.upload - Uploading file to Cloudinary...
15-07-2025 12:56:23.486 [http-nio-9050-exec-4] [68764ff6ce8ac24410d9e8af0f0d6c3b-864dd32e28ebab40] INFO  uploader-service-c.p.l.u.s.CloudinaryFileUploaderService.upload - Upload successful: https://res.cloudinary.com/dhpwsr9l0/image/upload/v1752584181/oaemcuq8njqfnhtjpwld.png
15-07-2025 12:56:24.518 [http-nio-9050-exec-5] [68764ff824e4fae38d8841094b27735e-2153e8777c4318d1] INFO  uploader-service-c.p.l.u.c.FileUploadController.uploadImage - Received upload request
15-07-2025 12:56:24.519 [http-nio-9050-exec-5] [68764ff824e4fae38d8841094b27735e-2153e8777c4318d1] INFO  uploader-service-c.p.l.u.s.CloudinaryFileUploaderService.upload - Uploading file to Cloudinary...
15-07-2025 12:56:25.607 [http-nio-9050-exec-5] [68764ff824e4fae38d8841094b27735e-2153e8777c4318d1] INFO  uploader-service-c.p.l.u.s.CloudinaryFileUploaderService.upload - Upload successful: https://res.cloudinary.com/dhpwsr9l0/image/upload/v1752584184/ydyyogbqwzfct8jvlyxp.png
15-07-2025 12:56:26.400 [http-nio-9050-exec-6] [68764ffadbd2c08a277ae8e6ab195c75-9351149d35f32867] INFO  uploader-service-c.p.l.u.c.FileUploadController.uploadImage - Received upload request
15-07-2025 12:56:26.401 [http-nio-9050-exec-6] [68764ffadbd2c08a277ae8e6ab195c75-9351149d35f32867] INFO  uploader-service-c.p.l.u.s.CloudinaryFileUploaderService.upload - Uploading file to Cloudinary...
15-07-2025 12:56:28.505 [http-nio-9050-exec-6] [68764ffadbd2c08a277ae8e6ab195c75-9351149d35f32867] INFO  uploader-service-c.p.l.u.s.CloudinaryFileUploaderService.upload - Upload successful: https://res.cloudinary.com/dhpwsr9l0/image/upload/v1752584186/awipbkp5wwrk89ggds2m.png
15-07-2025 12:56:29.430 [http-nio-9050-exec-7] [68764ffdb4fdfb4571b692486aeee63a-ac438acad349c666] INFO  uploader-service-c.p.l.u.c.FileUploadController.uploadImage - Received upload request
15-07-2025 12:56:29.431 [http-nio-9050-exec-7] [68764ffdb4fdfb4571b692486aeee63a-ac438acad349c666] INFO  uploader-service-c.p.l.u.s.CloudinaryFileUploaderService.upload - Uploading file to Cloudinary...
15-07-2025 12:56:30.441 [http-nio-9050-exec-7] [68764ffdb4fdfb4571b692486aeee63a-ac438acad349c666] INFO  uploader-service-c.p.l.u.s.CloudinaryFileUploaderService.upload - Upload successful: https://res.cloudinary.com/dhpwsr9l0/image/upload/v1752584188/mrzrlqmxtdespnxkqqw5.png
15-07-2025 12:56:31.415 [http-nio-9050-exec-8] [68764fff39ae8b00c378940d9a8bdbdc-50f5c9573acad620] INFO  uploader-service-c.p.l.u.c.FileUploadController.uploadImage - Received upload request
15-07-2025 12:56:31.416 [http-nio-9050-exec-8] [68764fff39ae8b00c378940d9a8bdbdc-50f5c9573acad620] INFO  uploader-service-c.p.l.u.s.CloudinaryFileUploaderService.upload - Uploading file to Cloudinary...
15-07-2025 12:56:32.366 [http-nio-9050-exec-8] [68764fff39ae8b00c378940d9a8bdbdc-50f5c9573acad620] INFO  uploader-service-c.p.l.u.s.CloudinaryFileUploaderService.upload - Upload successful: https://res.cloudinary.com/dhpwsr9l0/image/upload/v1752584190/igmbkfpjkiujsveyr9ph.png
15-07-2025 12:56:33.261 [http-nio-9050-exec-9] [68765001dad0d61e132d9e3df8d16f1c-68c6bd0af9d7635b] INFO  uploader-service-c.p.l.u.c.FileUploadController.uploadImage - Received upload request
15-07-2025 12:56:33.263 [http-nio-9050-exec-9] [68765001dad0d61e132d9e3df8d16f1c-68c6bd0af9d7635b] INFO  uploader-service-c.p.l.u.s.CloudinaryFileUploaderService.upload - Uploading file to Cloudinary...
15-07-2025 12:56:35.161 [http-nio-9050-exec-9] [68765001dad0d61e132d9e3df8d16f1c-68c6bd0af9d7635b] INFO  uploader-service-c.p.l.u.s.CloudinaryFileUploaderService.upload - Upload successful: https://res.cloudinary.com/dhpwsr9l0/image/upload/v1752584192/edwz9tazkwt83bvjzuph.png
15-07-2025 12:56:36.063 [http-nio-9050-exec-10] [68765004dd1631f590c7a1126e73a6bb-97ae301fc3763a45] INFO  uploader-service-c.p.l.u.c.FileUploadController.uploadImage - Received upload request
15-07-2025 12:56:36.064 [http-nio-9050-exec-10] [68765004dd1631f590c7a1126e73a6bb-97ae301fc3763a45] INFO  uploader-service-c.p.l.u.s.CloudinaryFileUploaderService.upload - Uploading file to Cloudinary...
15-07-2025 12:56:37.209 [http-nio-9050-exec-10] [68765004dd1631f590c7a1126e73a6bb-97ae301fc3763a45] INFO  uploader-service-c.p.l.u.s.CloudinaryFileUploaderService.upload - Upload successful: https://res.cloudinary.com/dhpwsr9l0/image/upload/v1752584195/g0rngczopqnioiegzcea.png
15-07-2025 12:56:38.116 [http-nio-9050-exec-1] [687650066491655aa62aa751f7ba7056-88627648d73edb6b] INFO  uploader-service-c.p.l.u.c.FileUploadController.uploadImage - Received upload request
15-07-2025 12:56:38.117 [http-nio-9050-exec-1] [687650066491655aa62aa751f7ba7056-88627648d73edb6b] INFO  uploader-service-c.p.l.u.s.CloudinaryFileUploaderService.upload - Uploading file to Cloudinary...
15-07-2025 12:56:39.360 [http-nio-9050-exec-1] [687650066491655aa62aa751f7ba7056-88627648d73edb6b] INFO  uploader-service-c.p.l.u.s.CloudinaryFileUploaderService.upload - Upload successful: https://res.cloudinary.com/dhpwsr9l0/image/upload/v1752584197/gj0ugehwdpij3nxnsuox.png
15-07-2025 12:56:40.246 [http-nio-9050-exec-2] [687650084cf5f6a332336025fed2b9a3-263ca86a8aff5f22] INFO  uploader-service-c.p.l.u.c.FileUploadController.uploadImage - Received upload request
15-07-2025 12:56:40.247 [http-nio-9050-exec-2] [687650084cf5f6a332336025fed2b9a3-263ca86a8aff5f22] INFO  uploader-service-c.p.l.u.s.CloudinaryFileUploaderService.upload - Uploading file to Cloudinary...
15-07-2025 12:56:41.408 [http-nio-9050-exec-2] [687650084cf5f6a332336025fed2b9a3-263ca86a8aff5f22] INFO  uploader-service-c.p.l.u.s.CloudinaryFileUploaderService.upload - Upload successful: https://res.cloudinary.com/dhpwsr9l0/image/upload/v1752584199/c34zmxrttjvxidof2a7p.png
15-07-2025 12:56:42.301 [http-nio-9050-exec-3] [6876500aebca8646e50e2c9dbf71232b-f4387fcebba911fd] INFO  uploader-service-c.p.l.u.c.FileUploadController.uploadImage - Received upload request
15-07-2025 12:56:42.302 [http-nio-9050-exec-3] [6876500aebca8646e50e2c9dbf71232b-f4387fcebba911fd] INFO  uploader-service-c.p.l.u.s.CloudinaryFileUploaderService.upload - Uploading file to Cloudinary...
15-07-2025 12:56:43.350 [http-nio-9050-exec-3] [6876500aebca8646e50e2c9dbf71232b-f4387fcebba911fd] INFO  uploader-service-c.p.l.u.s.CloudinaryFileUploaderService.upload - Upload successful: https://res.cloudinary.com/dhpwsr9l0/image/upload/v1752584201/e5gshiphrqfflyfikrzs.png
15-07-2025 12:56:44.256 [http-nio-9050-exec-4] [6876500c7f3e40c9723c26d1ec05e9e9-fb6292818c80e3d6] INFO  uploader-service-c.p.l.u.c.FileUploadController.uploadImage - Received upload request
15-07-2025 12:56:44.257 [http-nio-9050-exec-4] [6876500c7f3e40c9723c26d1ec05e9e9-fb6292818c80e3d6] INFO  uploader-service-c.p.l.u.s.CloudinaryFileUploaderService.upload - Uploading file to Cloudinary...
15-07-2025 12:56:45.490 [http-nio-9050-exec-4] [6876500c7f3e40c9723c26d1ec05e9e9-fb6292818c80e3d6] INFO  uploader-service-c.p.l.u.s.CloudinaryFileUploaderService.upload - Upload successful: https://res.cloudinary.com/dhpwsr9l0/image/upload/v1752584203/st4gvbvlai9xhemrcia3.png
15-07-2025 12:56:46.871 [http-nio-9050-exec-5] [6876500e3c713949e09793b2f10d2950-df0a1a2a72207649] INFO  uploader-service-c.p.l.u.c.FileUploadController.uploadImage - Received upload request
15-07-2025 12:56:46.872 [http-nio-9050-exec-5] [6876500e3c713949e09793b2f10d2950-df0a1a2a72207649] INFO  uploader-service-c.p.l.u.s.CloudinaryFileUploaderService.upload - Uploading file to Cloudinary...
15-07-2025 12:56:48.065 [http-nio-9050-exec-5] [6876500e3c713949e09793b2f10d2950-df0a1a2a72207649] INFO  uploader-service-c.p.l.u.s.CloudinaryFileUploaderService.upload - Upload successful: https://res.cloudinary.com/dhpwsr9l0/image/upload/v1752584206/mkd0gjb75gxzzslif7uz.png
15-07-2025 12:56:49.217 [http-nio-9050-exec-6] [68765011645c851b32bc752a017f5cc8-56b724f378b3b246] INFO  uploader-service-c.p.l.u.c.FileUploadController.uploadImage - Received upload request
15-07-2025 12:56:49.218 [http-nio-9050-exec-6] [68765011645c851b32bc752a017f5cc8-56b724f378b3b246] INFO  uploader-service-c.p.l.u.s.CloudinaryFileUploaderService.upload - Uploading file to Cloudinary...
15-07-2025 12:56:50.284 [http-nio-9050-exec-6] [68765011645c851b32bc752a017f5cc8-56b724f378b3b246] INFO  uploader-service-c.p.l.u.s.CloudinaryFileUploaderService.upload - Upload successful: https://res.cloudinary.com/dhpwsr9l0/image/upload/v1752584208/wvrgb6xjinyckjqzut2j.png
15-07-2025 12:56:52.195 [http-nio-9050-exec-7] [687650140ee811086e8b2b19c5490613-bca561b9956eedf2] INFO  uploader-service-c.p.l.u.c.FileUploadController.uploadImage - Received upload request
15-07-2025 12:56:52.196 [http-nio-9050-exec-7] [687650140ee811086e8b2b19c5490613-bca561b9956eedf2] INFO  uploader-service-c.p.l.u.s.CloudinaryFileUploaderService.upload - Uploading file to Cloudinary...
15-07-2025 12:56:53.163 [http-nio-9050-exec-7] [687650140ee811086e8b2b19c5490613-bca561b9956eedf2] INFO  uploader-service-c.p.l.u.s.CloudinaryFileUploaderService.upload - Upload successful: https://res.cloudinary.com/dhpwsr9l0/image/upload/v1752584211/ssimqp9omyfqhy92g59o.png
15-07-2025 12:57:15.269 [AsyncResolver-bootstrap-executor-%d] [-] INFO  uploader-service-c.n.d.s.r.aws.ConfigClusterResolver.getClusterEndpoints - Resolving eureka endpoints via configuration
15-07-2025 12:57:31.546 [http-nio-9050-exec-8] [6876503bab63db6911dd60ba6868c077-33be9073cacc8225] INFO  uploader-service-c.p.l.u.c.FileUploadController.uploadImage - Received upload request
15-07-2025 12:57:31.547 [http-nio-9050-exec-8] [6876503bab63db6911dd60ba6868c077-33be9073cacc8225] INFO  uploader-service-c.p.l.u.s.CloudinaryFileUploaderService.upload - Uploading file to Cloudinary...
15-07-2025 12:57:32.663 [http-nio-9050-exec-8] [6876503bab63db6911dd60ba6868c077-33be9073cacc8225] INFO  uploader-service-c.p.l.u.s.CloudinaryFileUploaderService.upload - Upload successful: https://res.cloudinary.com/dhpwsr9l0/image/upload/v1752584251/keuxgnkrbq2274qz3fny.png
15-07-2025 13:02:15.255 [AsyncResolver-bootstrap-executor-%d] [-] INFO  uploader-service-c.n.d.s.r.aws.ConfigClusterResolver.getClusterEndpoints - Resolving eureka endpoints via configuration
15-07-2025 13:07:15.240 [AsyncResolver-bootstrap-executor-%d] [-] INFO  uploader-service-c.n.d.s.r.aws.ConfigClusterResolver.getClusterEndpoints - Resolving eureka endpoints via configuration
15-07-2025 13:12:15.226 [AsyncResolver-bootstrap-executor-%d] [-] INFO  uploader-service-c.n.d.s.r.aws.ConfigClusterResolver.getClusterEndpoints - Resolving eureka endpoints via configuration
15-07-2025 13:17:15.208 [AsyncResolver-bootstrap-executor-%d] [-] INFO  uploader-service-c.n.d.s.r.aws.ConfigClusterResolver.getClusterEndpoints - Resolving eureka endpoints via configuration
15-07-2025 13:22:15.189 [AsyncResolver-bootstrap-executor-%d] [-] INFO  uploader-service-c.n.d.s.r.aws.ConfigClusterResolver.getClusterEndpoints - Resolving eureka endpoints via configuration
15-07-2025 13:27:15.169 [AsyncResolver-bootstrap-executor-%d] [-] INFO  uploader-service-c.n.d.s.r.aws.ConfigClusterResolver.getClusterEndpoints - Resolving eureka endpoints via configuration
15-07-2025 13:32:15.150 [AsyncResolver-bootstrap-executor-%d] [-] INFO  uploader-service-c.n.d.s.r.aws.ConfigClusterResolver.getClusterEndpoints - Resolving eureka endpoints via configuration
15-07-2025 13:37:15.132 [AsyncResolver-bootstrap-executor-%d] [-] INFO  uploader-service-c.n.d.s.r.aws.ConfigClusterResolver.getClusterEndpoints - Resolving eureka endpoints via configuration
15-07-2025 13:38:55.746 [http-nio-9050-exec-10] [687659ef4126413fe07a801615362ea9-5fd3a5140d036547] INFO  uploader-service-c.p.l.u.c.FileUploadController.uploadImage - Received upload request
15-07-2025 13:38:55.749 [http-nio-9050-exec-10] [687659ef4126413fe07a801615362ea9-5fd3a5140d036547] INFO  uploader-service-c.p.l.u.s.CloudinaryFileUploaderService.upload - Uploading file to Cloudinary...
15-07-2025 13:38:56.994 [http-nio-9050-exec-10] [687659ef4126413fe07a801615362ea9-5fd3a5140d036547] INFO  uploader-service-c.p.l.u.s.CloudinaryFileUploaderService.upload - Upload successful: https://res.cloudinary.com/dhpwsr9l0/image/upload/v1752586735/mwq70xybnwwdv3r9xiqk.png
15-07-2025 13:38:57.935 [http-nio-9050-exec-1] [687659f118f653d9ced1f163678ec56d-1e82d216e13cd1c0] INFO  uploader-service-c.p.l.u.c.FileUploadController.uploadImage - Received upload request
15-07-2025 13:38:57.936 [http-nio-9050-exec-1] [687659f118f653d9ced1f163678ec56d-1e82d216e13cd1c0] INFO  uploader-service-c.p.l.u.s.CloudinaryFileUploaderService.upload - Uploading file to Cloudinary...
15-07-2025 13:38:58.890 [http-nio-9050-exec-1] [687659f118f653d9ced1f163678ec56d-1e82d216e13cd1c0] INFO  uploader-service-c.p.l.u.s.CloudinaryFileUploaderService.upload - Upload successful: https://res.cloudinary.com/dhpwsr9l0/image/upload/v1752586737/jisvbpcilksnxs0esf5i.png
15-07-2025 13:38:59.631 [http-nio-9050-exec-2] [687659f3b63ef3b6fe0ccd8ad6477205-d6962eee2391fbe1] INFO  uploader-service-c.p.l.u.c.FileUploadController.uploadImage - Received upload request
15-07-2025 13:38:59.632 [http-nio-9050-exec-2] [687659f3b63ef3b6fe0ccd8ad6477205-d6962eee2391fbe1] INFO  uploader-service-c.p.l.u.s.CloudinaryFileUploaderService.upload - Uploading file to Cloudinary...
15-07-2025 13:39:00.733 [http-nio-9050-exec-2] [687659f3b63ef3b6fe0ccd8ad6477205-d6962eee2391fbe1] INFO  uploader-service-c.p.l.u.s.CloudinaryFileUploaderService.upload - Upload successful: https://res.cloudinary.com/dhpwsr9l0/image/upload/v1752586739/hwlacn8wqbeoq8arzcwn.png
15-07-2025 13:39:01.554 [http-nio-9050-exec-3] [687659f576072a9113258407b6e53bc9-513d8883476e0b3d] INFO  uploader-service-c.p.l.u.c.FileUploadController.uploadImage - Received upload request
15-07-2025 13:39:01.555 [http-nio-9050-exec-3] [687659f576072a9113258407b6e53bc9-513d8883476e0b3d] INFO  uploader-service-c.p.l.u.s.CloudinaryFileUploaderService.upload - Uploading file to Cloudinary...
15-07-2025 13:39:03.782 [http-nio-9050-exec-3] [687659f576072a9113258407b6e53bc9-513d8883476e0b3d] INFO  uploader-service-c.p.l.u.s.CloudinaryFileUploaderService.upload - Upload successful: https://res.cloudinary.com/dhpwsr9l0/image/upload/v1752586741/dndxmpk6ya1x0gy1gdr3.png
15-07-2025 13:42:15.118 [AsyncResolver-bootstrap-executor-%d] [-] INFO  uploader-service-c.n.d.s.r.aws.ConfigClusterResolver.getClusterEndpoints - Resolving eureka endpoints via configuration
15-07-2025 13:46:54.472 [http-nio-9050-exec-5] [68765bce48b2d4e35f41ba15dff2519b-1f760642ae999822] INFO  uploader-service-c.p.l.u.c.FileUploadController.uploadImage - Received upload request
15-07-2025 13:46:54.474 [http-nio-9050-exec-5] [68765bce48b2d4e35f41ba15dff2519b-1f760642ae999822] INFO  uploader-service-c.p.l.u.s.CloudinaryFileUploaderService.upload - Uploading file to Cloudinary...
15-07-2025 13:46:55.893 [http-nio-9050-exec-5] [68765bce48b2d4e35f41ba15dff2519b-1f760642ae999822] INFO  uploader-service-c.p.l.u.s.CloudinaryFileUploaderService.upload - Upload successful: https://res.cloudinary.com/dhpwsr9l0/image/upload/v1752587214/dfmqtougq1tkcij6ktct.png
15-07-2025 13:47:15.101 [AsyncResolver-bootstrap-executor-%d] [-] INFO  uploader-service-c.n.d.s.r.aws.ConfigClusterResolver.getClusterEndpoints - Resolving eureka endpoints via configuration
15-07-2025 13:52:15.079 [AsyncResolver-bootstrap-executor-%d] [-] INFO  uploader-service-c.n.d.s.r.aws.ConfigClusterResolver.getClusterEndpoints - Resolving eureka endpoints via configuration
15-07-2025 13:56:05.097 [http-nio-9050-exec-7] [68765df4ce36e5515969ddcf3e8789b8-8efdbdee9e1f4013] INFO  uploader-service-c.p.l.u.c.FileUploadController.uploadImage - Received upload request
15-07-2025 13:56:05.099 [http-nio-9050-exec-7] [68765df4ce36e5515969ddcf3e8789b8-8efdbdee9e1f4013] INFO  uploader-service-c.p.l.u.s.CloudinaryFileUploaderService.upload - Uploading file to Cloudinary...
15-07-2025 13:56:06.350 [http-nio-9050-exec-7] [68765df4ce36e5515969ddcf3e8789b8-8efdbdee9e1f4013] INFO  uploader-service-c.p.l.u.s.CloudinaryFileUploaderService.upload - Upload successful: https://res.cloudinary.com/dhpwsr9l0/image/upload/v1752587764/h0vdfz7nqdrkta93mgek.png
15-07-2025 13:56:08.792 [http-nio-9050-exec-8] [68765df844a741237991234ca61675e7-c8d85fbfb1428c19] INFO  uploader-service-c.p.l.u.c.FileUploadController.uploadImage - Received upload request
15-07-2025 13:56:08.793 [http-nio-9050-exec-8] [68765df844a741237991234ca61675e7-c8d85fbfb1428c19] INFO  uploader-service-c.p.l.u.s.CloudinaryFileUploaderService.upload - Uploading file to Cloudinary...
15-07-2025 13:56:09.877 [http-nio-9050-exec-8] [68765df844a741237991234ca61675e7-c8d85fbfb1428c19] INFO  uploader-service-c.p.l.u.s.CloudinaryFileUploaderService.upload - Upload successful: https://res.cloudinary.com/dhpwsr9l0/image/upload/v1752587768/nl7s1ca0wlupnhwczlps.png
15-07-2025 13:56:10.371 [http-nio-9050-exec-9] [68765dfae77e165e0d3d6448265fb305-37568cca0944e4ca] INFO  uploader-service-c.p.l.u.c.FileUploadController.uploadImage - Received upload request
15-07-2025 13:56:10.372 [http-nio-9050-exec-9] [68765dfae77e165e0d3d6448265fb305-37568cca0944e4ca] INFO  uploader-service-c.p.l.u.s.CloudinaryFileUploaderService.upload - Uploading file to Cloudinary...
15-07-2025 13:56:11.631 [http-nio-9050-exec-9] [68765dfae77e165e0d3d6448265fb305-37568cca0944e4ca] INFO  uploader-service-c.p.l.u.s.CloudinaryFileUploaderService.upload - Upload successful: https://res.cloudinary.com/dhpwsr9l0/image/upload/v1752587770/qih5pfgeha3erubbpbnb.png
15-07-2025 13:57:15.057 [AsyncResolver-bootstrap-executor-%d] [-] INFO  uploader-service-c.n.d.s.r.aws.ConfigClusterResolver.getClusterEndpoints - Resolving eureka endpoints via configuration
15-07-2025 14:02:15.036 [AsyncResolver-bootstrap-executor-%d] [-] INFO  uploader-service-c.n.d.s.r.aws.ConfigClusterResolver.getClusterEndpoints - Resolving eureka endpoints via configuration
15-07-2025 14:07:15.017 [AsyncResolver-bootstrap-executor-%d] [-] INFO  uploader-service-c.n.d.s.r.aws.ConfigClusterResolver.getClusterEndpoints - Resolving eureka endpoints via configuration
15-07-2025 14:12:14.999 [AsyncResolver-bootstrap-executor-%d] [-] INFO  uploader-service-c.n.d.s.r.aws.ConfigClusterResolver.getClusterEndpoints - Resolving eureka endpoints via configuration
