12-07-2025 12:33:22.930 [main] [-] INFO  uploader-service-c.p.l.u.UploaderServiceApplication.logStarting - Starting UploaderServiceApplication using Java 21 with PID 79 (/app/target/classes started by root in /app)
12-07-2025 12:33:22.934 [main] [-] INFO  uploader-service-c.p.l.u.UploaderServiceApplication.logStartupProfileInfo - No active profile set, falling back to 1 default profile: "default"
12-07-2025 12:33:22.998 [main] [-] INFO  uploader-service-o.s.c.c.c.ConfigServerConfigDataLoader.logTo - Fetching config from server at : http://config-server:8888
12-07-2025 12:33:22.999 [main] [-] INFO  uploader-service-o.s.c.c.c.ConfigServerConfigDataLoader.logTo - Located environment: name=uploader-service, profiles=[default], label=null, version=64e0134b225641ad316e569ccb094289dd26fd02, state=
12-07-2025 12:33:25.242 [main] [-] INFO  uploader-service-o.s.cloud.context.scope.GenericScope.setSerializationId - BeanFactory id=ee030b29-9e37-350e-90cf-aee743661215
12-07-2025 12:33:25.327 [main] [-] WARN  uploader-service-o.s.c.s.PostProcessorRegistrationDelegate$BeanPostProcessorChecker.postProcessAfterInitialization - Bean 'org.springframework.cloud.client.loadbalancer.LoadBalancerAutoConfiguration$DeferringLoadBalancerInterceptorConfig' of type [org.springframework.cloud.client.loadbalancer.LoadBalancerAutoConfiguration$DeferringLoadBalancerInterceptorConfig] is not eligible for getting processed by all BeanPostProcessors (for example: not eligible for auto-proxying). The currently created BeanPostProcessor [lbRestClientPostProcessor] is declared through a non-static factory method on that class; consider declaring it as static instead.
12-07-2025 12:33:25.337 [main] [-] WARN  uploader-service-o.s.c.s.PostProcessorRegistrationDelegate$BeanPostProcessorChecker.postProcessAfterInitialization - Bean 'deferringLoadBalancerInterceptor' of type [org.springframework.cloud.client.loadbalancer.DeferringLoadBalancerInterceptor] is not eligible for getting processed by all BeanPostProcessors (for example: not eligible for auto-proxying). Is this bean getting eagerly injected/applied to a currently created BeanPostProcessor [lbRestClientPostProcessor]? Check the corresponding BeanPostProcessor declaration and its dependencies/advisors. If this bean does not have to be post-processed, declare it with ROLE_INFRASTRUCTURE.
12-07-2025 12:33:25.652 [main] [-] INFO  uploader-service-o.s.b.w.e.tomcat.TomcatWebServer.initialize - Tomcat initialized with port 9050 (http)
12-07-2025 12:33:25.668 [main] [-] INFO  uploader-service-o.a.coyote.http11.Http11NioProtocol.log - Initializing ProtocolHandler ["http-nio-9050"]
12-07-2025 12:33:25.672 [main] [-] INFO  uploader-service-o.a.catalina.core.StandardService.log - Starting service [Tomcat]
12-07-2025 12:33:25.673 [main] [-] INFO  uploader-service-o.a.catalina.core.StandardEngine.log - Starting Servlet engine: [Apache Tomcat/10.1.33]
12-07-2025 12:33:25.762 [main] [-] INFO  uploader-service-o.a.c.c.C.[.[localhost].[/uploads].log - Initializing Spring embedded WebApplicationContext
12-07-2025 12:33:25.763 [main] [-] INFO  uploader-service-o.s.b.w.s.c.ServletWebServerApplicationContext.prepareWebApplicationContext - Root WebApplicationContext: initialization completed in 2759 ms
12-07-2025 12:33:28.280 [main] [-] INFO  uploader-service-o.s.c.n.e.c.DiscoveryClientOptionalArgsConfiguration.restTemplateDiscoveryClientOptionalArgs - Eureka HTTP Client uses RestTemplate.
12-07-2025 12:33:28.326 [main] [-] WARN  uploader-service-o.s.c.l.c.LoadBalancerCacheAutoConfiguration$LoadBalancerCaffeineWarnLogger.afterPropertiesSet - Spring Cloud LoadBalancer is currently working with the default cache. While this cache implementation is useful for development and tests, it's recommended to use Caffeine cache in production.You can switch to using Caffeine cache, by adding it and org.springframework.cache.caffeine.CaffeineCacheManager to the classpath.
12-07-2025 12:33:28.334 [main] [-] INFO  uploader-service-o.s.b.a.e.web.EndpointLinksResolver.<init> - Exposing 25 endpoints beneath base path '/actuator'
12-07-2025 12:33:28.425 [main] [-] INFO  uploader-service-o.s.c.n.eureka.InstanceInfoFactory.create - Setting initial instance status as: STARTING
12-07-2025 12:33:28.457 [main] [-] INFO  uploader-service-c.netflix.discovery.DiscoveryClient.<init> - Initializing Eureka in region us-east-1
12-07-2025 12:33:28.464 [main] [-] INFO  uploader-service-c.n.d.s.r.aws.ConfigClusterResolver.getClusterEndpoints - Resolving eureka endpoints via configuration
12-07-2025 12:33:28.473 [main] [-] INFO  uploader-service-c.netflix.discovery.DiscoveryClient.fetchRegistry - Disable delta property : false
12-07-2025 12:33:28.474 [main] [-] INFO  uploader-service-c.netflix.discovery.DiscoveryClient.fetchRegistry - Single vip registry refresh property : null
12-07-2025 12:33:28.474 [main] [-] INFO  uploader-service-c.netflix.discovery.DiscoveryClient.fetchRegistry - Force full registry fetch : false
12-07-2025 12:33:28.475 [main] [-] INFO  uploader-service-c.netflix.discovery.DiscoveryClient.fetchRegistry - Application is null : false
12-07-2025 12:33:28.476 [main] [-] INFO  uploader-service-c.netflix.discovery.DiscoveryClient.fetchRegistry - Registered Applications size is zero : true
12-07-2025 12:33:28.476 [main] [-] INFO  uploader-service-c.netflix.discovery.DiscoveryClient.fetchRegistry - Application version is -1: true
12-07-2025 12:33:28.477 [main] [-] INFO  uploader-service-c.netflix.discovery.DiscoveryClient.getAndStoreFullRegistry - Getting all instance registry info from the eureka server
12-07-2025 12:33:28.685 [main] [-] INFO  uploader-service-c.netflix.discovery.DiscoveryClient.getAndStoreFullRegistry - The response status is 200
12-07-2025 12:33:28.691 [main] [-] INFO  uploader-service-c.netflix.discovery.DiscoveryClient.initScheduledTasks - Starting heartbeat executor: renew interval is: 30
12-07-2025 12:33:28.694 [main] [-] INFO  uploader-service-c.n.discovery.InstanceInfoReplicator.<init> - InstanceInfoReplicator onDemand update allowed rate per min is 4
12-07-2025 12:33:28.696 [main] [-] INFO  uploader-service-c.netflix.discovery.DiscoveryClient.<init> - Discovery Client initialized at timestamp 1752323608696 with initial instances count: 1
12-07-2025 12:33:28.700 [main] [-] INFO  uploader-service-o.s.c.n.e.s.EurekaServiceRegistry.register - Registering application UPLOADER-SERVICE with eureka with status UP
12-07-2025 12:33:28.701 [main] [-] INFO  uploader-service-c.netflix.discovery.DiscoveryClient.notify - Saw local status change event StatusChangeEvent [timestamp=1752323608701, current=UP, previous=STARTING]
12-07-2025 12:33:28.703 [DiscoveryClient-InstanceInfoReplicator-%d] [-] INFO  uploader-service-c.netflix.discovery.DiscoveryClient.register - DiscoveryClient_UPLOADER-SERVICE/073e8fe75d7e:uploader-service:9050: registering service...
12-07-2025 12:33:28.703 [main] [-] INFO  uploader-service-o.a.coyote.http11.Http11NioProtocol.log - Starting ProtocolHandler ["http-nio-9050"]
12-07-2025 12:33:28.721 [main] [-] INFO  uploader-service-o.s.b.w.e.tomcat.TomcatWebServer.start - Tomcat started on port 9050 (http) with context path '/uploads'
12-07-2025 12:33:28.724 [main] [-] INFO  uploader-service-o.s.c.n.e.s.EurekaAutoServiceRegistration.onApplicationEvent - Updating port to 9050
12-07-2025 12:33:28.742 [main] [-] INFO  uploader-service-c.p.l.u.UploaderServiceApplication.logStarted - Started UploaderServiceApplication in 9.461 seconds (process running for 10.469)
12-07-2025 12:33:28.756 [DiscoveryClient-InstanceInfoReplicator-%d] [-] INFO  uploader-service-c.netflix.discovery.DiscoveryClient.register - DiscoveryClient_UPLOADER-SERVICE/073e8fe75d7e:uploader-service:9050 - registration status: 204
12-07-2025 12:34:05.861 [http-nio-9050-exec-1] [-] INFO  uploader-service-o.a.c.c.C.[.[localhost].[/uploads].log - Initializing Spring DispatcherServlet 'dispatcherServlet'
12-07-2025 12:34:05.862 [http-nio-9050-exec-1] [-] INFO  uploader-service-o.s.web.servlet.DispatcherServlet.initServletBean - Initializing Servlet 'dispatcherServlet'
12-07-2025 12:34:05.865 [http-nio-9050-exec-1] [-] INFO  uploader-service-o.s.web.servlet.DispatcherServlet.initServletBean - Completed initialization in 1 ms
12-07-2025 12:34:06.064 [http-nio-9050-exec-1] [6872563d32f0877d6c05396696c6ecf8-5c74f9684cec12ca] INFO  uploader-service-o.s.api.AbstractOpenApiResource.getOpenApi - Init duration for springdoc-openapi is: 161 ms
12-07-2025 12:36:34.426 [http-nio-9050-exec-3] [687256d20429faf654c452079794ba2b-a2b984105f9f07bb] INFO  uploader-service-c.p.l.u.c.FileUploadController.uploadImage - Received upload request
12-07-2025 12:36:34.426 [http-nio-9050-exec-3] [687256d20429faf654c452079794ba2b-a2b984105f9f07bb] INFO  uploader-service-c.p.l.u.s.CloudinaryFileUploaderService.upload - Uploading file to Cloudinary...
12-07-2025 12:36:35.732 [http-nio-9050-exec-3] [687256d20429faf654c452079794ba2b-a2b984105f9f07bb] INFO  uploader-service-c.p.l.u.s.CloudinaryFileUploaderService.upload - Upload successful: https://res.cloudinary.com/dhpwsr9l0/image/upload/v1752323789/k6lrt10ml1sobcsu1dk6.pdf
12-07-2025 12:38:28.464 [AsyncResolver-bootstrap-executor-%d] [-] INFO  uploader-service-c.n.d.s.r.aws.ConfigClusterResolver.getClusterEndpoints - Resolving eureka endpoints via configuration
12-07-2025 12:43:28.450 [AsyncResolver-bootstrap-executor-%d] [-] INFO  uploader-service-c.n.d.s.r.aws.ConfigClusterResolver.getClusterEndpoints - Resolving eureka endpoints via configuration
12-07-2025 12:48:28.437 [AsyncResolver-bootstrap-executor-%d] [-] INFO  uploader-service-c.n.d.s.r.aws.ConfigClusterResolver.getClusterEndpoints - Resolving eureka endpoints via configuration
12-07-2025 12:54:15.531 [AsyncResolver-bootstrap-executor-%d] [-] INFO  uploader-service-c.n.d.s.r.aws.ConfigClusterResolver.getClusterEndpoints - Resolving eureka endpoints via configuration
12-07-2025 13:15:16.099 [AsyncResolver-bootstrap-executor-%d] [-] INFO  uploader-service-c.n.d.s.r.aws.ConfigClusterResolver.getClusterEndpoints - Resolving eureka endpoints via configuration
12-07-2025 13:20:16.083 [AsyncResolver-bootstrap-executor-%d] [-] INFO  uploader-service-c.n.d.s.r.aws.ConfigClusterResolver.getClusterEndpoints - Resolving eureka endpoints via configuration
12-07-2025 13:25:16.067 [AsyncResolver-bootstrap-executor-%d] [-] INFO  uploader-service-c.n.d.s.r.aws.ConfigClusterResolver.getClusterEndpoints - Resolving eureka endpoints via configuration
12-07-2025 13:31:06.796 [AsyncResolver-bootstrap-executor-%d] [-] INFO  uploader-service-c.n.d.s.r.aws.ConfigClusterResolver.getClusterEndpoints - Resolving eureka endpoints via configuration
12-07-2025 13:36:06.783 [AsyncResolver-bootstrap-executor-%d] [-] INFO  uploader-service-c.n.d.s.r.aws.ConfigClusterResolver.getClusterEndpoints - Resolving eureka endpoints via configuration
12-07-2025 13:41:06.769 [AsyncResolver-bootstrap-executor-%d] [-] INFO  uploader-service-c.n.d.s.r.aws.ConfigClusterResolver.getClusterEndpoints - Resolving eureka endpoints via configuration
12-07-2025 13:46:06.754 [AsyncResolver-bootstrap-executor-%d] [-] INFO  uploader-service-c.n.d.s.r.aws.ConfigClusterResolver.getClusterEndpoints - Resolving eureka endpoints via configuration
12-07-2025 13:55:58.354 [AsyncResolver-bootstrap-executor-%d] [-] INFO  uploader-service-c.n.d.s.r.aws.ConfigClusterResolver.getClusterEndpoints - Resolving eureka endpoints via configuration
12-07-2025 14:00:58.343 [AsyncResolver-bootstrap-executor-%d] [-] INFO  uploader-service-c.n.d.s.r.aws.ConfigClusterResolver.getClusterEndpoints - Resolving eureka endpoints via configuration
12-07-2025 14:05:58.331 [AsyncResolver-bootstrap-executor-%d] [-] INFO  uploader-service-c.n.d.s.r.aws.ConfigClusterResolver.getClusterEndpoints - Resolving eureka endpoints via configuration
12-07-2025 14:10:58.318 [AsyncResolver-bootstrap-executor-%d] [-] INFO  uploader-service-c.n.d.s.r.aws.ConfigClusterResolver.getClusterEndpoints - Resolving eureka endpoints via configuration
12-07-2025 14:15:58.306 [AsyncResolver-bootstrap-executor-%d] [-] INFO  uploader-service-c.n.d.s.r.aws.ConfigClusterResolver.getClusterEndpoints - Resolving eureka endpoints via configuration
12-07-2025 14:30:55.607 [AsyncResolver-bootstrap-executor-%d] [-] INFO  uploader-service-c.n.d.s.r.aws.ConfigClusterResolver.getClusterEndpoints - Resolving eureka endpoints via configuration
12-07-2025 14:35:55.598 [AsyncResolver-bootstrap-executor-%d] [-] INFO  uploader-service-c.n.d.s.r.aws.ConfigClusterResolver.getClusterEndpoints - Resolving eureka endpoints via configuration
12-07-2025 14:40:55.587 [AsyncResolver-bootstrap-executor-%d] [-] INFO  uploader-service-c.n.d.s.r.aws.ConfigClusterResolver.getClusterEndpoints - Resolving eureka endpoints via configuration
12-07-2025 14:45:55.576 [AsyncResolver-bootstrap-executor-%d] [-] INFO  uploader-service-c.n.d.s.r.aws.ConfigClusterResolver.getClusterEndpoints - Resolving eureka endpoints via configuration
12-07-2025 17:57:28.065 [AsyncResolver-bootstrap-executor-%d] [-] INFO  uploader-service-c.n.d.s.r.aws.ConfigClusterResolver.getClusterEndpoints - Resolving eureka endpoints via configuration
12-07-2025 18:02:28.054 [AsyncResolver-bootstrap-executor-%d] [-] INFO  uploader-service-c.n.d.s.r.aws.ConfigClusterResolver.getClusterEndpoints - Resolving eureka endpoints via configuration
12-07-2025 18:07:28.042 [AsyncResolver-bootstrap-executor-%d] [-] INFO  uploader-service-c.n.d.s.r.aws.ConfigClusterResolver.getClusterEndpoints - Resolving eureka endpoints via configuration
12-07-2025 18:12:28.031 [AsyncResolver-bootstrap-executor-%d] [-] INFO  uploader-service-c.n.d.s.r.aws.ConfigClusterResolver.getClusterEndpoints - Resolving eureka endpoints via configuration
12-07-2025 18:17:28.019 [AsyncResolver-bootstrap-executor-%d] [-] INFO  uploader-service-c.n.d.s.r.aws.ConfigClusterResolver.getClusterEndpoints - Resolving eureka endpoints via configuration
12-07-2025 18:22:28.008 [AsyncResolver-bootstrap-executor-%d] [-] INFO  uploader-service-c.n.d.s.r.aws.ConfigClusterResolver.getClusterEndpoints - Resolving eureka endpoints via configuration
12-07-2025 18:27:27.996 [AsyncResolver-bootstrap-executor-%d] [-] INFO  uploader-service-c.n.d.s.r.aws.ConfigClusterResolver.getClusterEndpoints - Resolving eureka endpoints via configuration
12-07-2025 18:32:27.985 [AsyncResolver-bootstrap-executor-%d] [-] INFO  uploader-service-c.n.d.s.r.aws.ConfigClusterResolver.getClusterEndpoints - Resolving eureka endpoints via configuration
12-07-2025 18:37:27.974 [AsyncResolver-bootstrap-executor-%d] [-] INFO  uploader-service-c.n.d.s.r.aws.ConfigClusterResolver.getClusterEndpoints - Resolving eureka endpoints via configuration
12-07-2025 18:42:22.265 [AsyncResolver-bootstrap-executor-%d] [-] INFO  uploader-service-c.n.d.s.r.aws.ConfigClusterResolver.getClusterEndpoints - Resolving eureka endpoints via configuration
12-07-2025 18:47:22.255 [AsyncResolver-bootstrap-executor-%d] [-] INFO  uploader-service-c.n.d.s.r.aws.ConfigClusterResolver.getClusterEndpoints - Resolving eureka endpoints via configuration
12-07-2025 18:52:22.242 [AsyncResolver-bootstrap-executor-%d] [-] INFO  uploader-service-c.n.d.s.r.aws.ConfigClusterResolver.getClusterEndpoints - Resolving eureka endpoints via configuration
12-07-2025 18:57:22.230 [AsyncResolver-bootstrap-executor-%d] [-] INFO  uploader-service-c.n.d.s.r.aws.ConfigClusterResolver.getClusterEndpoints - Resolving eureka endpoints via configuration
12-07-2025 19:02:22.218 [AsyncResolver-bootstrap-executor-%d] [-] INFO  uploader-service-c.n.d.s.r.aws.ConfigClusterResolver.getClusterEndpoints - Resolving eureka endpoints via configuration
12-07-2025 19:07:22.204 [AsyncResolver-bootstrap-executor-%d] [-] INFO  uploader-service-c.n.d.s.r.aws.ConfigClusterResolver.getClusterEndpoints - Resolving eureka endpoints via configuration
12-07-2025 19:12:22.192 [AsyncResolver-bootstrap-executor-%d] [-] INFO  uploader-service-c.n.d.s.r.aws.ConfigClusterResolver.getClusterEndpoints - Resolving eureka endpoints via configuration
12-07-2025 19:17:22.179 [AsyncResolver-bootstrap-executor-%d] [-] INFO  uploader-service-c.n.d.s.r.aws.ConfigClusterResolver.getClusterEndpoints - Resolving eureka endpoints via configuration
12-07-2025 19:22:22.167 [AsyncResolver-bootstrap-executor-%d] [-] INFO  uploader-service-c.n.d.s.r.aws.ConfigClusterResolver.getClusterEndpoints - Resolving eureka endpoints via configuration
12-07-2025 19:29:41.444 [AsyncResolver-bootstrap-executor-%d] [-] INFO  uploader-service-c.n.d.s.r.aws.ConfigClusterResolver.getClusterEndpoints - Resolving eureka endpoints via configuration
12-07-2025 19:34:41.430 [AsyncResolver-bootstrap-executor-%d] [-] INFO  uploader-service-c.n.d.s.r.aws.ConfigClusterResolver.getClusterEndpoints - Resolving eureka endpoints via configuration
12-07-2025 19:39:41.417 [AsyncResolver-bootstrap-executor-%d] [-] INFO  uploader-service-c.n.d.s.r.aws.ConfigClusterResolver.getClusterEndpoints - Resolving eureka endpoints via configuration
12-07-2025 19:44:41.404 [AsyncResolver-bootstrap-executor-%d] [-] INFO  uploader-service-c.n.d.s.r.aws.ConfigClusterResolver.getClusterEndpoints - Resolving eureka endpoints via configuration
12-07-2025 19:49:41.391 [AsyncResolver-bootstrap-executor-%d] [-] INFO  uploader-service-c.n.d.s.r.aws.ConfigClusterResolver.getClusterEndpoints - Resolving eureka endpoints via configuration
12-07-2025 19:54:41.378 [AsyncResolver-bootstrap-executor-%d] [-] INFO  uploader-service-c.n.d.s.r.aws.ConfigClusterResolver.getClusterEndpoints - Resolving eureka endpoints via configuration
12-07-2025 19:59:41.365 [AsyncResolver-bootstrap-executor-%d] [-] INFO  uploader-service-c.n.d.s.r.aws.ConfigClusterResolver.getClusterEndpoints - Resolving eureka endpoints via configuration
12-07-2025 20:04:41.352 [AsyncResolver-bootstrap-executor-%d] [-] INFO  uploader-service-c.n.d.s.r.aws.ConfigClusterResolver.getClusterEndpoints - Resolving eureka endpoints via configuration
12-07-2025 20:09:41.339 [AsyncResolver-bootstrap-executor-%d] [-] INFO  uploader-service-c.n.d.s.r.aws.ConfigClusterResolver.getClusterEndpoints - Resolving eureka endpoints via configuration
12-07-2025 20:14:41.326 [AsyncResolver-bootstrap-executor-%d] [-] INFO  uploader-service-c.n.d.s.r.aws.ConfigClusterResolver.getClusterEndpoints - Resolving eureka endpoints via configuration
12-07-2025 21:07:52.083 [DiscoveryClient-HeartbeatExecutor-%d] [-] INFO  uploader-service-c.netflix.discovery.DiscoveryClient.renew - DiscoveryClient_UPLOADER-SERVICE/073e8fe75d7e:uploader-service:9050 - Re-registering apps/UPLOADER-SERVICE
12-07-2025 21:07:52.085 [DiscoveryClient-HeartbeatExecutor-%d] [-] INFO  uploader-service-c.netflix.discovery.DiscoveryClient.register - DiscoveryClient_UPLOADER-SERVICE/073e8fe75d7e:uploader-service:9050: registering service...
12-07-2025 21:07:52.134 [DiscoveryClient-HeartbeatExecutor-%d] [-] INFO  uploader-service-c.netflix.discovery.DiscoveryClient.register - DiscoveryClient_UPLOADER-SERVICE/073e8fe75d7e:uploader-service:9050 - registration status: 204
12-07-2025 21:10:19.201 [AsyncResolver-bootstrap-executor-%d] [-] INFO  uploader-service-c.n.d.s.r.aws.ConfigClusterResolver.getClusterEndpoints - Resolving eureka endpoints via configuration
12-07-2025 21:15:19.188 [AsyncResolver-bootstrap-executor-%d] [-] INFO  uploader-service-c.n.d.s.r.aws.ConfigClusterResolver.getClusterEndpoints - Resolving eureka endpoints via configuration
12-07-2025 21:20:19.174 [AsyncResolver-bootstrap-executor-%d] [-] INFO  uploader-service-c.n.d.s.r.aws.ConfigClusterResolver.getClusterEndpoints - Resolving eureka endpoints via configuration
12-07-2025 21:25:19.155 [AsyncResolver-bootstrap-executor-%d] [-] INFO  uploader-service-c.n.d.s.r.aws.ConfigClusterResolver.getClusterEndpoints - Resolving eureka endpoints via configuration
12-07-2025 21:32:08.146 [DiscoveryClient-HeartbeatExecutor-%d] [-] INFO  uploader-service-c.netflix.discovery.DiscoveryClient.renew - DiscoveryClient_UPLOADER-SERVICE/073e8fe75d7e:uploader-service:9050 - Re-registering apps/UPLOADER-SERVICE
12-07-2025 21:32:08.148 [DiscoveryClient-HeartbeatExecutor-%d] [-] INFO  uploader-service-c.netflix.discovery.DiscoveryClient.register - DiscoveryClient_UPLOADER-SERVICE/073e8fe75d7e:uploader-service:9050: registering service...
12-07-2025 21:32:08.162 [DiscoveryClient-HeartbeatExecutor-%d] [-] INFO  uploader-service-c.netflix.discovery.DiscoveryClient.register - DiscoveryClient_UPLOADER-SERVICE/073e8fe75d7e:uploader-service:9050 - registration status: 204
12-07-2025 21:33:34.955 [AsyncResolver-bootstrap-executor-%d] [-] INFO  uploader-service-c.n.d.s.r.aws.ConfigClusterResolver.getClusterEndpoints - Resolving eureka endpoints via configuration
