23-06-2025 20:39:16.494 [main] [-] INFO  uploader-service-c.p.l.u.UploaderServiceApplication.logStarting - Starting UploaderServiceApplication using Java 21 with PID 177 (/app/target/classes started by root in /app)
23-06-2025 20:39:16.497 [main] [-] INFO  uploader-service-c.p.l.u.UploaderServiceApplication.logStartupProfileInfo - No active profile set, falling back to 1 default profile: "default"
23-06-2025 20:39:16.560 [main] [-] INFO  uploader-service-o.s.c.c.c.ConfigServerConfigDataLoader.logTo - Fetching config from server at : http://config-server:8888
23-06-2025 20:39:16.561 [main] [-] INFO  uploader-service-o.s.c.c.c.ConfigServerConfigDataLoader.logTo - Located environment: name=uploader-service, profiles=[default], label=null, version=a2cff7b073788d4000b49f9d7d40472327a50893, state=
23-06-2025 20:39:18.486 [main] [-] INFO  uploader-service-o.s.cloud.context.scope.GenericScope.setSerializationId - BeanFactory id=a3b54b77-737d-393b-b9e1-f007d5e1ff58
23-06-2025 20:39:18.544 [main] [-] WARN  uploader-service-o.s.c.s.PostProcessorRegistrationDelegate$BeanPostProcessorChecker.postProcessAfterInitialization - Bean 'org.springframework.cloud.client.loadbalancer.LoadBalancerAutoConfiguration$DeferringLoadBalancerInterceptorConfig' of type [org.springframework.cloud.client.loadbalancer.LoadBalancerAutoConfiguration$DeferringLoadBalancerInterceptorConfig] is not eligible for getting processed by all BeanPostProcessors (for example: not eligible for auto-proxying). The currently created BeanPostProcessor [lbRestClientPostProcessor] is declared through a non-static factory method on that class; consider declaring it as static instead.
23-06-2025 20:39:18.547 [main] [-] WARN  uploader-service-o.s.c.s.PostProcessorRegistrationDelegate$BeanPostProcessorChecker.postProcessAfterInitialization - Bean 'deferringLoadBalancerInterceptor' of type [org.springframework.cloud.client.loadbalancer.DeferringLoadBalancerInterceptor] is not eligible for getting processed by all BeanPostProcessors (for example: not eligible for auto-proxying). Is this bean getting eagerly injected/applied to a currently created BeanPostProcessor [lbRestClientPostProcessor]? Check the corresponding BeanPostProcessor declaration and its dependencies/advisors. If this bean does not have to be post-processed, declare it with ROLE_INFRASTRUCTURE.
23-06-2025 20:39:18.792 [main] [-] INFO  uploader-service-o.s.b.w.e.tomcat.TomcatWebServer.initialize - Tomcat initialized with port 9050 (http)
23-06-2025 20:39:18.803 [main] [-] INFO  uploader-service-o.a.coyote.http11.Http11NioProtocol.log - Initializing ProtocolHandler ["http-nio-9050"]
23-06-2025 20:39:18.806 [main] [-] INFO  uploader-service-o.a.catalina.core.StandardService.log - Starting service [Tomcat]
23-06-2025 20:39:18.806 [main] [-] INFO  uploader-service-o.a.catalina.core.StandardEngine.log - Starting Servlet engine: [Apache Tomcat/10.1.33]
23-06-2025 20:39:18.886 [main] [-] INFO  uploader-service-o.a.c.c.C.[.[localhost].[/uploads].log - Initializing Spring embedded WebApplicationContext
23-06-2025 20:39:18.887 [main] [-] INFO  uploader-service-o.s.b.w.s.c.ServletWebServerApplicationContext.prepareWebApplicationContext - Root WebApplicationContext: initialization completed in 2323 ms
23-06-2025 20:39:20.790 [main] [-] INFO  uploader-service-o.s.c.n.e.c.DiscoveryClientOptionalArgsConfiguration.restTemplateDiscoveryClientOptionalArgs - Eureka HTTP Client uses RestTemplate.
23-06-2025 20:39:20.829 [main] [-] WARN  uploader-service-o.s.c.l.c.LoadBalancerCacheAutoConfiguration$LoadBalancerCaffeineWarnLogger.afterPropertiesSet - Spring Cloud LoadBalancer is currently working with the default cache. While this cache implementation is useful for development and tests, it's recommended to use Caffeine cache in production.You can switch to using Caffeine cache, by adding it and org.springframework.cache.caffeine.CaffeineCacheManager to the classpath.
23-06-2025 20:39:20.839 [main] [-] INFO  uploader-service-o.s.b.a.e.web.EndpointLinksResolver.<init> - Exposing 25 endpoints beneath base path '/actuator'
23-06-2025 20:39:20.910 [main] [-] INFO  uploader-service-o.s.c.n.eureka.InstanceInfoFactory.create - Setting initial instance status as: STARTING
23-06-2025 20:39:20.936 [main] [-] INFO  uploader-service-c.netflix.discovery.DiscoveryClient.<init> - Initializing Eureka in region us-east-1
23-06-2025 20:39:20.940 [main] [-] INFO  uploader-service-c.n.d.s.r.aws.ConfigClusterResolver.getClusterEndpoints - Resolving eureka endpoints via configuration
23-06-2025 20:39:20.949 [main] [-] INFO  uploader-service-c.netflix.discovery.DiscoveryClient.fetchRegistry - Disable delta property : false
23-06-2025 20:39:20.950 [main] [-] INFO  uploader-service-c.netflix.discovery.DiscoveryClient.fetchRegistry - Single vip registry refresh property : null
23-06-2025 20:39:20.951 [main] [-] INFO  uploader-service-c.netflix.discovery.DiscoveryClient.fetchRegistry - Force full registry fetch : false
23-06-2025 20:39:20.951 [main] [-] INFO  uploader-service-c.netflix.discovery.DiscoveryClient.fetchRegistry - Application is null : false
23-06-2025 20:39:20.952 [main] [-] INFO  uploader-service-c.netflix.discovery.DiscoveryClient.fetchRegistry - Registered Applications size is zero : true
23-06-2025 20:39:20.952 [main] [-] INFO  uploader-service-c.netflix.discovery.DiscoveryClient.fetchRegistry - Application version is -1: true
23-06-2025 20:39:20.953 [main] [-] INFO  uploader-service-c.netflix.discovery.DiscoveryClient.getAndStoreFullRegistry - Getting all instance registry info from the eureka server
23-06-2025 20:39:21.117 [main] [-] INFO  uploader-service-c.netflix.discovery.DiscoveryClient.getAndStoreFullRegistry - The response status is 200
23-06-2025 20:39:21.120 [main] [-] INFO  uploader-service-c.netflix.discovery.DiscoveryClient.initScheduledTasks - Starting heartbeat executor: renew interval is: 30
23-06-2025 20:39:21.123 [main] [-] INFO  uploader-service-c.n.discovery.InstanceInfoReplicator.<init> - InstanceInfoReplicator onDemand update allowed rate per min is 4
23-06-2025 20:39:21.125 [main] [-] INFO  uploader-service-c.netflix.discovery.DiscoveryClient.<init> - Discovery Client initialized at timestamp 1750711161125 with initial instances count: 1
23-06-2025 20:39:21.128 [main] [-] INFO  uploader-service-o.s.c.n.e.s.EurekaServiceRegistry.register - Registering application UPLOADER-SERVICE with eureka with status UP
23-06-2025 20:39:21.130 [main] [-] INFO  uploader-service-c.netflix.discovery.DiscoveryClient.notify - Saw local status change event StatusChangeEvent [timestamp=1750711161130, current=UP, previous=STARTING]
23-06-2025 20:39:21.132 [DiscoveryClient-InstanceInfoReplicator-%d] [-] INFO  uploader-service-c.netflix.discovery.DiscoveryClient.register - DiscoveryClient_UPLOADER-SERVICE/ba092dbc87d8:uploader-service:9050: registering service...
23-06-2025 20:39:21.133 [main] [-] INFO  uploader-service-o.a.coyote.http11.Http11NioProtocol.log - Starting ProtocolHandler ["http-nio-9050"]
23-06-2025 20:39:21.150 [main] [-] INFO  uploader-service-o.s.b.w.e.tomcat.TomcatWebServer.start - Tomcat started on port 9050 (http) with context path '/uploads'
23-06-2025 20:39:21.152 [main] [-] INFO  uploader-service-o.s.c.n.e.s.EurekaAutoServiceRegistration.onApplicationEvent - Updating port to 9050
23-06-2025 20:39:21.166 [main] [-] INFO  uploader-service-c.p.l.u.UploaderServiceApplication.logStarted - Started UploaderServiceApplication in 8.907 seconds (process running for 9.45)
23-06-2025 20:39:21.172 [DiscoveryClient-InstanceInfoReplicator-%d] [-] INFO  uploader-service-c.netflix.discovery.DiscoveryClient.register - DiscoveryClient_UPLOADER-SERVICE/ba092dbc87d8:uploader-service:9050 - registration status: 204
23-06-2025 20:44:03.048 [SpringApplicationShutdownHook] [-] INFO  uploader-service-o.s.c.n.e.s.EurekaServiceRegistry.deregister - Unregistering application UPLOADER-SERVICE with eureka with status DOWN
23-06-2025 20:44:03.049 [SpringApplicationShutdownHook] [-] INFO  uploader-service-c.netflix.discovery.DiscoveryClient.notify - Saw local status change event StatusChangeEvent [timestamp=1750711443049, current=DOWN, previous=UP]
23-06-2025 20:44:03.050 [DiscoveryClient-InstanceInfoReplicator-%d] [-] INFO  uploader-service-c.netflix.discovery.DiscoveryClient.register - DiscoveryClient_UPLOADER-SERVICE/ba092dbc87d8:uploader-service:9050: registering service...
23-06-2025 20:44:03.063 [DiscoveryClient-InstanceInfoReplicator-%d] [-] INFO  uploader-service-c.netflix.discovery.DiscoveryClient.register - DiscoveryClient_UPLOADER-SERVICE/ba092dbc87d8:uploader-service:9050 - registration status: 204
23-06-2025 20:44:03.460 [SpringApplicationShutdownHook] [-] INFO  uploader-service-c.netflix.discovery.DiscoveryClient.shutdown - Shutting down DiscoveryClient ...
23-06-2025 20:44:06.462 [SpringApplicationShutdownHook] [-] INFO  uploader-service-c.netflix.discovery.DiscoveryClient.unregister - Unregistering ...
23-06-2025 20:44:06.469 [SpringApplicationShutdownHook] [-] INFO  uploader-service-c.netflix.discovery.DiscoveryClient.unregister - DiscoveryClient_UPLOADER-SERVICE/ba092dbc87d8:uploader-service:9050 - deregister  status: 200
23-06-2025 20:44:06.470 [SpringApplicationShutdownHook] [-] INFO  uploader-service-c.netflix.discovery.DiscoveryClient.shutdown - Completed shut down of DiscoveryClient
23-06-2025 20:45:17.919 [main] [-] INFO  uploader-service-c.p.l.u.UploaderServiceApplication.logStarting - Starting UploaderServiceApplication using Java 21 with PID 176 (/app/target/classes started by root in /app)
23-06-2025 20:45:17.923 [main] [-] INFO  uploader-service-c.p.l.u.UploaderServiceApplication.logStartupProfileInfo - No active profile set, falling back to 1 default profile: "default"
23-06-2025 20:45:17.983 [main] [-] INFO  uploader-service-o.s.c.c.c.ConfigServerConfigDataLoader.logTo - Fetching config from server at : http://config-server:8888
23-06-2025 20:45:17.983 [main] [-] INFO  uploader-service-o.s.c.c.c.ConfigServerConfigDataLoader.logTo - Located environment: name=uploader-service, profiles=[default], label=null, version=a2cff7b073788d4000b49f9d7d40472327a50893, state=
23-06-2025 20:45:19.209 [main] [-] INFO  uploader-service-o.s.cloud.context.scope.GenericScope.setSerializationId - BeanFactory id=a3b54b77-737d-393b-b9e1-f007d5e1ff58
23-06-2025 20:45:19.264 [main] [-] WARN  uploader-service-o.s.c.s.PostProcessorRegistrationDelegate$BeanPostProcessorChecker.postProcessAfterInitialization - Bean 'org.springframework.cloud.client.loadbalancer.LoadBalancerAutoConfiguration$DeferringLoadBalancerInterceptorConfig' of type [org.springframework.cloud.client.loadbalancer.LoadBalancerAutoConfiguration$DeferringLoadBalancerInterceptorConfig] is not eligible for getting processed by all BeanPostProcessors (for example: not eligible for auto-proxying). The currently created BeanPostProcessor [lbRestClientPostProcessor] is declared through a non-static factory method on that class; consider declaring it as static instead.
23-06-2025 20:45:19.268 [main] [-] WARN  uploader-service-o.s.c.s.PostProcessorRegistrationDelegate$BeanPostProcessorChecker.postProcessAfterInitialization - Bean 'deferringLoadBalancerInterceptor' of type [org.springframework.cloud.client.loadbalancer.DeferringLoadBalancerInterceptor] is not eligible for getting processed by all BeanPostProcessors (for example: not eligible for auto-proxying). Is this bean getting eagerly injected/applied to a currently created BeanPostProcessor [lbRestClientPostProcessor]? Check the corresponding BeanPostProcessor declaration and its dependencies/advisors. If this bean does not have to be post-processed, declare it with ROLE_INFRASTRUCTURE.
23-06-2025 20:45:19.464 [main] [-] INFO  uploader-service-o.s.b.w.e.tomcat.TomcatWebServer.initialize - Tomcat initialized with port 9050 (http)
23-06-2025 20:45:19.475 [main] [-] INFO  uploader-service-o.a.coyote.http11.Http11NioProtocol.log - Initializing ProtocolHandler ["http-nio-9050"]
23-06-2025 20:45:19.478 [main] [-] INFO  uploader-service-o.a.catalina.core.StandardService.log - Starting service [Tomcat]
23-06-2025 20:45:19.478 [main] [-] INFO  uploader-service-o.a.catalina.core.StandardEngine.log - Starting Servlet engine: [Apache Tomcat/10.1.33]
23-06-2025 20:45:19.532 [main] [-] INFO  uploader-service-o.a.c.c.C.[.[localhost].[/uploads].log - Initializing Spring embedded WebApplicationContext
23-06-2025 20:45:19.533 [main] [-] INFO  uploader-service-o.s.b.w.s.c.ServletWebServerApplicationContext.prepareWebApplicationContext - Root WebApplicationContext: initialization completed in 1547 ms
23-06-2025 20:45:20.793 [main] [-] INFO  uploader-service-o.s.c.n.e.c.DiscoveryClientOptionalArgsConfiguration.restTemplateDiscoveryClientOptionalArgs - Eureka HTTP Client uses RestTemplate.
23-06-2025 20:45:20.864 [main] [-] WARN  uploader-service-o.s.c.l.c.LoadBalancerCacheAutoConfiguration$LoadBalancerCaffeineWarnLogger.afterPropertiesSet - Spring Cloud LoadBalancer is currently working with the default cache. While this cache implementation is useful for development and tests, it's recommended to use Caffeine cache in production.You can switch to using Caffeine cache, by adding it and org.springframework.cache.caffeine.CaffeineCacheManager to the classpath.
23-06-2025 20:45:20.883 [main] [-] INFO  uploader-service-o.s.b.a.e.web.EndpointLinksResolver.<init> - Exposing 25 endpoints beneath base path '/actuator'
23-06-2025 20:45:21.013 [main] [-] INFO  uploader-service-o.s.c.n.eureka.InstanceInfoFactory.create - Setting initial instance status as: STARTING
23-06-2025 20:45:21.064 [main] [-] INFO  uploader-service-c.netflix.discovery.DiscoveryClient.<init> - Initializing Eureka in region us-east-1
23-06-2025 20:45:21.074 [main] [-] INFO  uploader-service-c.n.d.s.r.aws.ConfigClusterResolver.getClusterEndpoints - Resolving eureka endpoints via configuration
23-06-2025 20:45:21.094 [main] [-] INFO  uploader-service-c.netflix.discovery.DiscoveryClient.fetchRegistry - Disable delta property : false
23-06-2025 20:45:21.098 [main] [-] INFO  uploader-service-c.netflix.discovery.DiscoveryClient.fetchRegistry - Single vip registry refresh property : null
23-06-2025 20:45:21.102 [main] [-] INFO  uploader-service-c.netflix.discovery.DiscoveryClient.fetchRegistry - Force full registry fetch : false
23-06-2025 20:45:21.102 [main] [-] INFO  uploader-service-c.netflix.discovery.DiscoveryClient.fetchRegistry - Application is null : false
23-06-2025 20:45:21.104 [main] [-] INFO  uploader-service-c.netflix.discovery.DiscoveryClient.fetchRegistry - Registered Applications size is zero : true
23-06-2025 20:45:21.105 [main] [-] INFO  uploader-service-c.netflix.discovery.DiscoveryClient.fetchRegistry - Application version is -1: true
23-06-2025 20:45:21.106 [main] [-] INFO  uploader-service-c.netflix.discovery.DiscoveryClient.getAndStoreFullRegistry - Getting all instance registry info from the eureka server
23-06-2025 20:45:21.638 [main] [-] INFO  uploader-service-c.netflix.discovery.DiscoveryClient.getAndStoreFullRegistry - The response status is 200
23-06-2025 20:45:21.645 [main] [-] INFO  uploader-service-c.netflix.discovery.DiscoveryClient.initScheduledTasks - Starting heartbeat executor: renew interval is: 30
23-06-2025 20:45:21.650 [main] [-] INFO  uploader-service-c.n.discovery.InstanceInfoReplicator.<init> - InstanceInfoReplicator onDemand update allowed rate per min is 4
23-06-2025 20:45:21.654 [main] [-] INFO  uploader-service-c.netflix.discovery.DiscoveryClient.<init> - Discovery Client initialized at timestamp 1750711521653 with initial instances count: 0
23-06-2025 20:45:21.660 [main] [-] INFO  uploader-service-o.s.c.n.e.s.EurekaServiceRegistry.register - Registering application UPLOADER-SERVICE with eureka with status UP
23-06-2025 20:45:21.661 [main] [-] INFO  uploader-service-c.netflix.discovery.DiscoveryClient.notify - Saw local status change event StatusChangeEvent [timestamp=1750711521661, current=UP, previous=STARTING]
23-06-2025 20:45:21.665 [main] [-] INFO  uploader-service-o.a.coyote.http11.Http11NioProtocol.log - Starting ProtocolHandler ["http-nio-9050"]
23-06-2025 20:45:21.669 [DiscoveryClient-InstanceInfoReplicator-%d] [-] INFO  uploader-service-c.netflix.discovery.DiscoveryClient.register - DiscoveryClient_UPLOADER-SERVICE/ba092dbc87d8:uploader-service:9050: registering service...
23-06-2025 20:45:21.696 [main] [-] INFO  uploader-service-o.s.b.w.e.tomcat.TomcatWebServer.start - Tomcat started on port 9050 (http) with context path '/uploads'
23-06-2025 20:45:21.702 [main] [-] INFO  uploader-service-o.s.c.n.e.s.EurekaAutoServiceRegistration.onApplicationEvent - Updating port to 9050
23-06-2025 20:45:21.740 [main] [-] INFO  uploader-service-c.p.l.u.UploaderServiceApplication.logStarted - Started UploaderServiceApplication in 6.79 seconds (process running for 7.226)
23-06-2025 20:45:21.852 [DiscoveryClient-InstanceInfoReplicator-%d] [-] INFO  uploader-service-c.netflix.discovery.DiscoveryClient.register - DiscoveryClient_UPLOADER-SERVICE/ba092dbc87d8:uploader-service:9050 - registration status: 204
23-06-2025 20:45:51.643 [DiscoveryClient-CacheRefreshExecutor-%d] [-] INFO  uploader-service-c.netflix.discovery.DiscoveryClient.fetchRegistry - Disable delta property : false
23-06-2025 20:45:51.643 [DiscoveryClient-CacheRefreshExecutor-%d] [-] INFO  uploader-service-c.netflix.discovery.DiscoveryClient.fetchRegistry - Single vip registry refresh property : null
23-06-2025 20:45:51.644 [DiscoveryClient-CacheRefreshExecutor-%d] [-] INFO  uploader-service-c.netflix.discovery.DiscoveryClient.fetchRegistry - Force full registry fetch : false
23-06-2025 20:45:51.644 [DiscoveryClient-CacheRefreshExecutor-%d] [-] INFO  uploader-service-c.netflix.discovery.DiscoveryClient.fetchRegistry - Application is null : false
23-06-2025 20:45:51.644 [DiscoveryClient-CacheRefreshExecutor-%d] [-] INFO  uploader-service-c.netflix.discovery.DiscoveryClient.fetchRegistry - Registered Applications size is zero : true
23-06-2025 20:45:51.644 [DiscoveryClient-CacheRefreshExecutor-%d] [-] INFO  uploader-service-c.netflix.discovery.DiscoveryClient.fetchRegistry - Application version is -1: false
23-06-2025 20:45:51.645 [DiscoveryClient-CacheRefreshExecutor-%d] [-] INFO  uploader-service-c.netflix.discovery.DiscoveryClient.getAndStoreFullRegistry - Getting all instance registry info from the eureka server
23-06-2025 20:45:51.663 [DiscoveryClient-CacheRefreshExecutor-%d] [-] INFO  uploader-service-c.netflix.discovery.DiscoveryClient.getAndStoreFullRegistry - The response status is 200
23-06-2025 20:50:21.110 [AsyncResolver-bootstrap-executor-%d] [-] INFO  uploader-service-c.n.d.s.r.aws.ConfigClusterResolver.getClusterEndpoints - Resolving eureka endpoints via configuration
